#
# There is insufficient memory for the Java Runtime Environment to continue.
# Native memory allocation (malloc) failed to allocate 1496224 bytes for Chunk::new
# Possible reasons:
#   The system is out of physical RAM or swap space
#   In 32 bit mode, the process size limit was hit
# Possible solutions:
#   Reduce memory load on the system
#   Increase physical memory or swap space
#   Check if swap backing store is full
#   Use 64 bit Java on a 64 bit OS
#   Decrease Java heap size (-Xmx/-Xms)
#   Decrease number of Java threads
#   Decrease Java thread stack sizes (-Xss)
#   Set larger code cache with -XX:ReservedCodeCacheSize=
# This output file may be truncated or incomplete.
#
#  Out of Memory Error (allocation.cpp:390), pid=12568, tid=0x0000000000001c10
#
# JRE version: Java(TM) SE Runtime Environment (8.0_181-b13) (build 1.8.0_181-b13)
# Java VM: Java HotSpot(TM) 64-Bit Server VM (25.181-b13 mixed mode windows-amd64 compressed oops)
# Failed to write core dump. Minidumps are not enabled by default on client versions of Windows
#

---------------  T H R E A D  ---------------

Current thread (0x0000000016d90000):  JavaThread "C2 CompilerThread0" daemon [_thread_in_native, id=7184, stack(0x0000000017c60000,0x0000000017d60000)]

Stack: [0x0000000017c60000,0x0000000017d60000]
[error occurred during error reporting (printing stack bounds), id 0xc0000005]

Native frames: (J=compiled Java code, j=interpreted, Vv=VM code, C=native code)


Current CompileTask:
C2:  25048 4879       4       java.net.URLClassLoader$1::run (5 bytes)


---------------  P R O C E S S  ---------------

Java Threads: ( => current thread )
  0x000000001c7d0800 JavaThread "HikariPool-1 connection adder" daemon [_thread_blocked, id=7528, stack(0x000000001e070000,0x000000001e170000)]
  0x0000000018794800 JavaThread "HikariPool-1 housekeeper" daemon [_thread_blocked, id=14100, stack(0x000000001df70000,0x000000001e070000)]
  0x000000001c48e000 JavaThread "Abandoned connection cleanup thread" daemon [_thread_blocked, id=3852, stack(0x000000001c260000,0x000000001c360000)]
  0x0000000017d96800 JavaThread "Service Thread" daemon [_thread_blocked, id=12324, stack(0x0000000018260000,0x0000000018360000)]
  0x0000000016d9a800 JavaThread "C1 CompilerThread1" daemon [_thread_blocked, id=14316, stack(0x0000000018160000,0x0000000018260000)]
=>0x0000000016d90000 JavaThread "C2 CompilerThread0" daemon [_thread_in_native, id=7184, stack(0x0000000017c60000,0x0000000017d60000)]
  0x0000000016d3a800 JavaThread "Attach Listener" daemon [_thread_blocked, id=4840, stack(0x0000000017b60000,0x0000000017c60000)]
  0x0000000016d38000 JavaThread "Signal Dispatcher" daemon [_thread_blocked, id=15812, stack(0x0000000017a60000,0x0000000017b60000)]
  0x0000000003398800 JavaThread "Finalizer" daemon [_thread_blocked, id=6156, stack(0x0000000017960000,0x0000000017a60000)]
  0x000000000338e800 JavaThread "Reference Handler" daemon [_thread_blocked, id=13020, stack(0x0000000017860000,0x0000000017960000)]
  0x00000000032a2800 JavaThread "main" [_thread_in_Java, id=17472, stack(0x0000000002e30000,0x0000000002f30000)]

Other Threads:
  0x0000000016cf6800 VMThread [stack: 0x0000000017760000,0x0000000017860000] [id=18476]
  0x0000000017db2800 WatcherThread [stack: 0x0000000018360000,0x0000000018460000] [id=1344]

VM state:not at safepoint (normal execution)

VM Mutex/Monitor currently owned by a thread: None

Heap:
 PSYoungGen      total 148992K, used 61269K [0x00000000df400000, 0x00000000ec080000, 0x0000000100000000)
  eden space 136704K, 35% used [0x00000000df400000,0x00000000e23db990,0x00000000e7980000)
  from space 12288K, 99% used [0x00000000e7980000,0x00000000e8579c80,0x00000000e8580000)
  to   space 15360K, 0% used [0x00000000eb180000,0x00000000eb180000,0x00000000ec080000)
 ParOldGen       total 71680K, used 20591K [0x000000009dc00000, 0x00000000a2200000, 0x00000000df400000)
  object space 71680K, 28% used [0x000000009dc00000,0x000000009f01bf60,0x00000000a2200000)
 Metaspace       used 54308K, capacity 56320K, committed 56536K, reserved 1097728K
  class space    used 7413K, capacity 7788K, committed 7896K, reserved 1048576K

Card table byte_map: [0x0000000012860000,0x0000000012b80000] byte_map_base: 0x0000000012372000

Marking Bits: (ParMarkBitMap*) 0x0000000069182d00
 Begin Bits: [0x0000000012f90000, 0x0000000014820000)
 End Bits:   [0x0000000014820000, 0x00000000160b0000)

Polling page: 0x00000000017f0000

CodeCache: size=245760Kb used=14909Kb max_used=14909Kb free=230850Kb
 bounds [0x00000000034a0000, 0x0000000004340000, 0x00000000124a0000]
 total_blobs=4898 nmethods=4355 adapters=455
 compilation: enabled

Compilation events (10 events):
Event: 24.986 Thread 0x0000000016d9a800 4889       3       java.lang.invoke.BoundMethodHandle$Species_L::make (11 bytes)
Event: 24.987 Thread 0x0000000016d9a800 nmethod 4889 0x000000000433a450 code [0x000000000433a5c0, 0x000000000433a828]
Event: 24.992 Thread 0x0000000016d9a800 4890       3       java.util.regex.Pattern::read (33 bytes)
Event: 24.992 Thread 0x0000000016d9a800 nmethod 4890 0x000000000433a950 code [0x000000000433aac0, 0x000000000433ad88]
Event: 25.002 Thread 0x0000000016d9a800 4891       3       java.lang.Character::isBmpCodePoint (13 bytes)
Event: 25.003 Thread 0x0000000016d9a800 nmethod 4891 0x000000000433aed0 code [0x000000000433b020, 0x000000000433b1b0]
Event: 25.021 Thread 0x0000000016d9a800 4895       1       java.util.regex.Pattern::flags (5 bytes)
Event: 25.022 Thread 0x0000000016d9a800 nmethod 4895 0x000000000433b210 code [0x000000000433b360, 0x000000000433b470]
Event: 25.027 Thread 0x0000000016d9a800 4896       2       java.net.URLStreamHandler::equals (45 bytes)
Event: 25.027 Thread 0x0000000016d9a800 nmethod 4896 0x000000000433b4d0 code [0x000000000433b640, 0x000000000433b858]

GC Heap History (10 events):
Event: 6.883 GC heap before
{Heap before GC invocations=7 (full 1):
 PSYoungGen      total 55296K, used 51200K [0x00000000df400000, 0x00000000e6900000, 0x0000000100000000)
  eden space 51200K, 100% used [0x00000000df400000,0x00000000e2600000,0x00000000e2600000)
  from space 4096K, 0% used [0x00000000e2600000,0x00000000e2600000,0x00000000e2a00000)
  to   space 8704K, 0% used [0x00000000e6080000,0x00000000e6080000,0x00000000e6900000)
 ParOldGen       total 47104K, used 8234K [0x000000009dc00000, 0x00000000a0a00000, 0x00000000df400000)
  object space 47104K, 17% used [0x000000009dc00000,0x000000009e40a908,0x00000000a0a00000)
 Metaspace       used 23831K, capacity 24554K, committed 24832K, reserved 1071104K
  class space    used 3042K, capacity 3229K, committed 3328K, reserved 1048576K
Event: 6.895 GC heap after
Heap after GC invocations=7 (full 1):
 PSYoungGen      total 89088K, used 4355K [0x00000000df400000, 0x00000000e6500000, 0x0000000100000000)
  eden space 84480K, 0% used [0x00000000df400000,0x00000000df400000,0x00000000e4680000)
  from space 4608K, 94% used [0x00000000e6080000,0x00000000e64c0c28,0x00000000e6500000)
  to   space 8704K, 0% used [0x00000000e5400000,0x00000000e5400000,0x00000000e5c80000)
 ParOldGen       total 47104K, used 8242K [0x000000009dc00000, 0x00000000a0a00000, 0x00000000df400000)
  object space 47104K, 17% used [0x000000009dc00000,0x000000009e40c908,0x00000000a0a00000)
 Metaspace       used 23831K, capacity 24554K, committed 24832K, reserved 1071104K
  class space    used 3042K, capacity 3229K, committed 3328K, reserved 1048576K
}
Event: 10.778 GC heap before
{Heap before GC invocations=8 (full 1):
 PSYoungGen      total 89088K, used 88835K [0x00000000df400000, 0x00000000e6500000, 0x0000000100000000)
  eden space 84480K, 100% used [0x00000000df400000,0x00000000e4680000,0x00000000e4680000)
  from space 4608K, 94% used [0x00000000e6080000,0x00000000e64c0c28,0x00000000e6500000)
  to   space 8704K, 0% used [0x00000000e5400000,0x00000000e5400000,0x00000000e5c80000)
 ParOldGen       total 47104K, used 8242K [0x000000009dc00000, 0x00000000a0a00000, 0x00000000df400000)
  object space 47104K, 17% used [0x000000009dc00000,0x000000009e40c908,0x00000000a0a00000)
 Metaspace       used 28255K, capacity 29330K, committed 29568K, reserved 1075200K
  class space    used 3661K, capacity 3903K, committed 3968K, reserved 1048576K
Event: 10.829 GC heap after
Heap after GC invocations=8 (full 1):
 PSYoungGen      total 107008K, used 8700K [0x00000000df400000, 0x00000000e8f80000, 0x0000000100000000)
  eden space 98304K, 0% used [0x00000000df400000,0x00000000df400000,0x00000000e5400000)
  from space 8704K, 99% used [0x00000000e5400000,0x00000000e5c7f2a8,0x00000000e5c80000)
  to   space 10240K, 0% used [0x00000000e8580000,0x00000000e8580000,0x00000000e8f80000)
 ParOldGen       total 47104K, used 8560K [0x000000009dc00000, 0x00000000a0a00000, 0x00000000df400000)
  object space 47104K, 18% used [0x000000009dc00000,0x000000009e45c3f8,0x00000000a0a00000)
 Metaspace       used 28255K, capacity 29330K, committed 29568K, reserved 1075200K
  class space    used 3661K, capacity 3903K, committed 3968K, reserved 1048576K
}
Event: 15.586 GC heap before
{Heap before GC invocations=9 (full 1):
 PSYoungGen      total 107008K, used 70213K [0x00000000df400000, 0x00000000e8f80000, 0x0000000100000000)
  eden space 98304K, 62% used [0x00000000df400000,0x00000000e3012288,0x00000000e5400000)
  from space 8704K, 99% used [0x00000000e5400000,0x00000000e5c7f2a8,0x00000000e5c80000)
  to   space 10240K, 0% used [0x00000000e8580000,0x00000000e8580000,0x00000000e8f80000)
 ParOldGen       total 47104K, used 8560K [0x000000009dc00000, 0x00000000a0a00000, 0x00000000df400000)
  object space 47104K, 18% used [0x000000009dc00000,0x000000009e45c3f8,0x00000000a0a00000)
 Metaspace       used 34034K, capacity 35368K, committed 35416K, reserved 1079296K
  class space    used 4389K, capacity 4670K, committed 4696K, reserved 1048576K
Event: 15.614 GC heap after
Heap after GC invocations=9 (full 1):
 PSYoungGen      total 146944K, used 10236K [0x00000000df400000, 0x00000000ea600000, 0x0000000100000000)
  eden space 136704K, 0% used [0x00000000df400000,0x00000000df400000,0x00000000e7980000)
  from space 10240K, 99% used [0x00000000e8580000,0x00000000e8f7f3c8,0x00000000e8f80000)
  to   space 12288K, 0% used [0x00000000e7980000,0x00000000e7980000,0x00000000e8580000)
 ParOldGen       total 47104K, used 10673K [0x000000009dc00000, 0x00000000a0a00000, 0x00000000df400000)
  object space 47104K, 22% used [0x000000009dc00000,0x000000009e66c588,0x00000000a0a00000)
 Metaspace       used 34034K, capacity 35368K, committed 35416K, reserved 1079296K
  class space    used 4389K, capacity 4670K, committed 4696K, reserved 1048576K
}
Event: 15.614 GC heap before
{Heap before GC invocations=10 (full 2):
 PSYoungGen      total 146944K, used 10236K [0x00000000df400000, 0x00000000ea600000, 0x0000000100000000)
  eden space 136704K, 0% used [0x00000000df400000,0x00000000df400000,0x00000000e7980000)
  from space 10240K, 99% used [0x00000000e8580000,0x00000000e8f7f3c8,0x00000000e8f80000)
  to   space 12288K, 0% used [0x00000000e7980000,0x00000000e7980000,0x00000000e8580000)
 ParOldGen       total 47104K, used 10673K [0x000000009dc00000, 0x00000000a0a00000, 0x00000000df400000)
  object space 47104K, 22% used [0x000000009dc00000,0x000000009e66c588,0x00000000a0a00000)
 Metaspace       used 34034K, capacity 35368K, committed 35416K, reserved 1079296K
  class space    used 4389K, capacity 4670K, committed 4696K, reserved 1048576K
Event: 15.740 GC heap after
Heap after GC invocations=10 (full 2):
 PSYoungGen      total 146944K, used 0K [0x00000000df400000, 0x00000000ea600000, 0x0000000100000000)
  eden space 136704K, 0% used [0x00000000df400000,0x00000000df400000,0x00000000e7980000)
  from space 10240K, 0% used [0x00000000e8580000,0x00000000e8580000,0x00000000e8f80000)
  to   space 12288K, 0% used [0x00000000e7980000,0x00000000e7980000,0x00000000e8580000)
 ParOldGen       total 71680K, used 16829K [0x000000009dc00000, 0x00000000a2200000, 0x00000000df400000)
  object space 71680K, 23% used [0x000000009dc00000,0x000000009ec6f570,0x00000000a2200000)
 Metaspace       used 34034K, capacity 35368K, committed 35416K, reserved 1079296K
  class space    used 4389K, capacity 4670K, committed 4696K, reserved 1048576K
}
Event: 21.797 GC heap before
{Heap before GC invocations=11 (full 2):
 PSYoungGen      total 146944K, used 136704K [0x00000000df400000, 0x00000000ea600000, 0x0000000100000000)
  eden space 136704K, 100% used [0x00000000df400000,0x00000000e7980000,0x00000000e7980000)
  from space 10240K, 0% used [0x00000000e8580000,0x00000000e8580000,0x00000000e8f80000)
  to   space 12288K, 0% used [0x00000000e7980000,0x00000000e7980000,0x00000000e8580000)
 ParOldGen       total 71680K, used 16829K [0x000000009dc00000, 0x00000000a2200000, 0x00000000df400000)
  object space 71680K, 23% used [0x000000009dc00000,0x000000009ec6f570,0x00000000a2200000)
 Metaspace       used 48675K, capacity 50228K, committed 50520K, reserved 1093632K
  class space    used 6648K, capacity 6982K, committed 7000K, reserved 1048576K
Event: 21.833 GC heap after
Heap after GC invocations=11 (full 2):
 PSYoungGen      total 148992K, used 12263K [0x00000000df400000, 0x00000000ec080000, 0x0000000100000000)
  eden space 136704K, 0% used [0x00000000df400000,0x00000000df400000,0x00000000e7980000)
  from space 12288K, 99% used [0x00000000e7980000,0x00000000e8579c80,0x00000000e8580000)
  to   space 15360K, 0% used [0x00000000eb180000,0x00000000eb180000,0x00000000ec080000)
 ParOldGen       total 71680K, used 20591K [0x000000009dc00000, 0x00000000a2200000, 0x00000000df400000)
  object space 71680K, 28% used [0x000000009dc00000,0x000000009f01bf60,0x00000000a2200000)
 Metaspace       used 48675K, capacity 50228K, committed 50520K, reserved 1093632K
  class space    used 6648K, capacity 6982K, committed 7000K, reserved 1048576K
}

Deoptimization events (10 events):
Event: 24.373 Thread 0x00000000032a2800 Uncommon trap: reason=bimorphic action=maybe_recompile pc=0x0000000003b35b90 method=java.util.regex.Pattern$Curly.match(Ljava/util/regex/Matcher;ILjava/lang/CharSequence;)Z @ 19
Event: 24.373 Thread 0x00000000032a2800 Uncommon trap: reason=bimorphic action=maybe_recompile pc=0x0000000003b35b90 method=java.util.regex.Pattern$Curly.match(Ljava/util/regex/Matcher;ILjava/lang/CharSequence;)Z @ 19
Event: 24.403 Thread 0x00000000032a2800 Uncommon trap: reason=unstable_if action=reinterpret pc=0x0000000003d13980 method=java.util.StringTokenizer.scanToken(I)I @ 96
Event: 24.414 Thread 0x00000000032a2800 Uncommon trap: reason=unstable_if action=reinterpret pc=0x000000000425aaf0 method=java.lang.StringCoding.decode(Ljava/lang/String;[BII)[C @ 51
Event: 24.488 Thread 0x00000000032a2800 Uncommon trap: reason=bimorphic action=maybe_recompile pc=0x00000000039a9680 method=java.util.Hashtable.addEntry(ILjava/lang/Object;Ljava/lang/Object;I)V @ 38
Event: 24.489 Thread 0x00000000032a2800 Uncommon trap: reason=bimorphic action=maybe_recompile pc=0x00000000039a9680 method=java.util.Hashtable.addEntry(ILjava/lang/Object;Ljava/lang/Object;I)V @ 38
Event: 24.489 Thread 0x00000000032a2800 Uncommon trap: reason=bimorphic action=maybe_recompile pc=0x00000000039a9680 method=java.util.Hashtable.addEntry(ILjava/lang/Object;Ljava/lang/Object;I)V @ 38
Event: 24.504 Thread 0x00000000032a2800 Uncommon trap: reason=unstable_if action=reinterpret pc=0x00000000035c5000 method=java.lang.CharacterData.of(I)Ljava/lang/CharacterData; @ 4
Event: 24.520 Thread 0x00000000032a2800 Uncommon trap: reason=bimorphic action=maybe_recompile pc=0x0000000003b35b90 method=java.util.regex.Pattern$Curly.match(Ljava/util/regex/Matcher;ILjava/lang/CharSequence;)Z @ 19
Event: 24.520 Thread 0x00000000032a2800 Uncommon trap: reason=bimorphic action=maybe_recompile pc=0x0000000003b35b90 method=java.util.regex.Pattern$Curly.match(Ljava/util/regex/Matcher;ILjava/lang/CharSequence;)Z @ 19

Classes redefined (0 events):
No events

Internal exceptions (10 events):
Event: 23.979 Thread 0x00000000032a2800 Exception <a 'java/lang/ClassNotFoundException': java/lang/ObjectCustomizer> (0x00000000e0ff37c8) thrown at [C:\re\workspace\8-2-build-windows-amd64-cygwin\jdk8u181\11358\hotspot\src\share\vm\classfile\systemDictionary.cpp, line 210]
Event: 23.982 Thread 0x00000000032a2800 Exception <a 'java/lang/ClassNotFoundException': com/neo/shiro/model/SysRoleCustomizer> (0x00000000e1009460) thrown at [C:\re\workspace\8-2-build-windows-amd64-cygwin\jdk8u181\11358\hotspot\src\share\vm\classfile\systemDictionary.cpp, line 210]
Event: 23.996 Thread 0x00000000032a2800 Exception <a 'java/lang/ClassNotFoundException': java/lang/ObjectCustomizer> (0x00000000e1059b50) thrown at [C:\re\workspace\8-2-build-windows-amd64-cygwin\jdk8u181\11358\hotspot\src\share\vm\classfile\systemDictionary.cpp, line 210]
Event: 23.997 Thread 0x00000000032a2800 Exception <a 'java/lang/ClassNotFoundException': com/neo/shiro/model/SysPermissionCustomizer> (0x00000000e1071da0) thrown at [C:\re\workspace\8-2-build-windows-amd64-cygwin\jdk8u181\11358\hotspot\src\share\vm\classfile\systemDictionary.cpp, line 210]
Event: 24.128 Thread 0x00000000032a2800 Exception <a 'java/lang/NoSuchMethodError': java.lang.Object.lambda$direct$0(Lorg/springframework/data/repository/core/support/MethodLookup$InvokedMethod;Ljava/lang/reflect/Method;)Z> (0x00000000e11528c8) thrown at [C:\re\workspace\8-2-build-windows-amd64
Event: 24.129 Thread 0x00000000032a2800 Exception <a 'java/lang/NoSuchMethodError': java.lang.Object.lambda$direct$1(Lorg/springframework/data/repository/core/support/MethodLookup$MethodPredicate;)Ljava/util/List;> (0x00000000e1155c38) thrown at [C:\re\workspace\8-2-build-windows-amd64-cygwin\j
Event: 24.139 Thread 0x00000000032a2800 Exception <a 'java/lang/NoSuchMethodError': java.lang.Object.lambda$and$0(Lorg/springframework/data/repository/core/support/MethodLookup;)Ljava/util/List;> (0x00000000e117c328) thrown at [C:\re\workspace\8-2-build-windows-amd64-cygwin\jdk8u181\11358\hotsp
Event: 24.156 Thread 0x00000000032a2800 Exception <a 'java/lang/IncompatibleClassChangeError': Found class java.lang.Object, but interface was expected> (0x00000000e1210a08) thrown at [C:\re\workspace\8-2-build-windows-amd64-cygwin\jdk8u181\11358\hotspot\src\share\vm\interpreter\linkResolver.cp
Event: 24.266 Thread 0x00000000032a2800 Exception <a 'java/lang/NoSuchMethodError': java.lang.Object.lambda$map$1(Ljava/util/function/Function;)Ljava/util/stream/Stream;> (0x00000000e1564a10) thrown at [C:\re\workspace\8-2-build-windows-amd64-cygwin\jdk8u181\11358\hotspot\src\share\vm\interpret
Event: 24.976 Thread 0x00000000032a2800 Exception <a 'java/lang/reflect/InvocationTargetException'> (0x00000000e20c27a8) thrown at [C:\re\workspace\8-2-build-windows-amd64-cygwin\jdk8u181\11358\hotspot\src\share\vm\runtime\reflection.cpp, line 1092]

Events (10 events):
Event: 25.035 loading class org/springframework/data/repository/query/ParametersParameterAccessor
Event: 25.035 loading class org/springframework/data/repository/query/ParametersParameterAccessor done
Event: 25.035 loading class javax/persistence/criteria/CriteriaBuilder
Event: 25.035 loading class javax/persistence/criteria/CriteriaBuilder done
Event: 25.035 loading class javax/persistence/criteria/CriteriaBuilder
Event: 25.035 loading class javax/persistence/criteria/CriteriaBuilder done
Event: 25.035 loading class org/springframework/data/jpa/repository/query/ParameterMetadataProvider
Event: 25.035 loading class org/springframework/data/jpa/repository/query/ParameterMetadataProvider done
Event: 25.035 loading class org/springframework/data/jpa/repository/query/PartTreeJpaQuery$CountQueryPreparer
Event: 25.035 loading class org/springframework/data/jpa/repository/query/PartTreeJpaQuery$CountQueryPreparer done


Dynamic libraries:
0x00007ff6318f0000 - 0x00007ff631927000 	C:\Program Files\Java\jdk1.8.0_181\bin\java.exe
0x00007ffc71130000 - 0x00007ffc71311000 	C:\WINDOWS\SYSTEM32\ntdll.dll
0x00007ffc70fe0000 - 0x00007ffc71091000 	C:\WINDOWS\System32\KERNEL32.DLL
0x00007ffc6e130000 - 0x00007ffc6e3a3000 	C:\WINDOWS\System32\KERNELBASE.dll
0x00007ffc6e9a0000 - 0x00007ffc6ea41000 	C:\WINDOWS\System32\ADVAPI32.dll
0x00007ffc6e900000 - 0x00007ffc6e99e000 	C:\WINDOWS\System32\msvcrt.dll
0x00007ffc6ef60000 - 0x00007ffc6efbb000 	C:\WINDOWS\System32\sechost.dll
0x00007ffc6e650000 - 0x00007ffc6e774000 	C:\WINDOWS\System32\RPCRT4.dll
0x00007ffc70e40000 - 0x00007ffc70fd1000 	C:\WINDOWS\System32\USER32.dll
0x00007ffc6dc50000 - 0x00007ffc6dc70000 	C:\WINDOWS\System32\win32u.dll
0x00007ffc6ec60000 - 0x00007ffc6ec88000 	C:\WINDOWS\System32\GDI32.dll
0x00007ffc6dcc0000 - 0x00007ffc6de51000 	C:\WINDOWS\System32\gdi32full.dll
0x00007ffc6dee0000 - 0x00007ffc6df7f000 	C:\WINDOWS\System32\msvcp_win.dll
0x00007ffc6e030000 - 0x00007ffc6e128000 	C:\WINDOWS\System32\ucrtbase.dll
0x00007ffc61a00000 - 0x00007ffc61c69000 	C:\WINDOWS\WinSxS\amd64_microsoft.windows.common-controls_6595b64144ccf1df_6.0.17134.1184_none_d403e8b37c8ca406\COMCTL32.dll
0x00007ffc70990000 - 0x00007ffc70cb1000 	C:\WINDOWS\System32\combase.dll
0x00007ffc6de60000 - 0x00007ffc6ded9000 	C:\WINDOWS\System32\bcryptPrimitives.dll
0x00007ffc6ed60000 - 0x00007ffc6ed8d000 	C:\WINDOWS\System32\IMM32.DLL
0x0000000069210000 - 0x00000000692e2000 	C:\Program Files\Java\jdk1.8.0_181\jre\bin\msvcr100.dll
0x0000000068960000 - 0x0000000069202000 	C:\Program Files\Java\jdk1.8.0_181\jre\bin\server\jvm.dll
0x00007ffc6efc0000 - 0x00007ffc6efc8000 	C:\WINDOWS\System32\PSAPI.DLL
0x00007ffc5cff0000 - 0x00007ffc5cff9000 	C:\WINDOWS\SYSTEM32\WSOCK32.dll
0x00007ffc6ed90000 - 0x00007ffc6edfc000 	C:\WINDOWS\System32\WS2_32.dll
0x00007ffc6b740000 - 0x00007ffc6b763000 	C:\WINDOWS\SYSTEM32\WINMM.dll
0x00007ffc6b710000 - 0x00007ffc6b73a000 	C:\WINDOWS\SYSTEM32\WINMMBASE.dll
0x00007ffc6dc70000 - 0x00007ffc6dcb9000 	C:\WINDOWS\System32\cfgmgr32.dll
0x00007ffc68b50000 - 0x00007ffc68b5a000 	C:\WINDOWS\SYSTEM32\VERSION.dll
0x00000000688c0000 - 0x00000000688cf000 	C:\Program Files\Java\jdk1.8.0_181\jre\bin\verify.dll
0x0000000068890000 - 0x00000000688b9000 	C:\Program Files\Java\jdk1.8.0_181\jre\bin\java.dll
0x0000000068870000 - 0x0000000068886000 	C:\Program Files\Java\jdk1.8.0_181\jre\bin\zip.dll
0x00007ffc6f000000 - 0x00007ffc70445000 	C:\WINDOWS\System32\SHELL32.dll
0x00007ffc6e5a0000 - 0x00007ffc6e649000 	C:\WINDOWS\System32\shcore.dll
0x00007ffc6d4e0000 - 0x00007ffc6dbf0000 	C:\WINDOWS\System32\windows.storage.dll
0x00007ffc6ea60000 - 0x00007ffc6eab1000 	C:\WINDOWS\System32\shlwapi.dll
0x00007ffc6d4a0000 - 0x00007ffc6d4b1000 	C:\WINDOWS\System32\kernel.appcore.dll
0x00007ffc6d4c0000 - 0x00007ffc6d4df000 	C:\WINDOWS\System32\profapi.dll
0x00007ffc6d430000 - 0x00007ffc6d47c000 	C:\WINDOWS\System32\powrprof.dll
0x00007ffc6d420000 - 0x00007ffc6d42a000 	C:\WINDOWS\System32\FLTLIB.DLL
0x00000000680a0000 - 0x00000000680ad000 	C:\Program Files\Java\jdk1.8.0_181\jre\bin\management.dll
0x00000000680d0000 - 0x00000000680ea000 	C:\Program Files\Java\jdk1.8.0_181\jre\bin\net.dll
0x00007ffc6cc20000 - 0x00007ffc6cc86000 	C:\WINDOWS\system32\mswsock.dll
0x00007ffc54d50000 - 0x00007ffc54d66000 	C:\WINDOWS\system32\napinsp.dll
0x00007ffc54d30000 - 0x00007ffc54d4a000 	C:\WINDOWS\system32\pnrpnsp.dll
0x00007ffc69ae0000 - 0x00007ffc69af9000 	C:\WINDOWS\system32\NLAapi.dll
0x00007ffc6c9b0000 - 0x00007ffc6ca6e000 	C:\WINDOWS\SYSTEM32\DNSAPI.dll
0x00007ffc6efd0000 - 0x00007ffc6efd8000 	C:\WINDOWS\System32\NSI.dll
0x00007ffc6c970000 - 0x00007ffc6c9a8000 	C:\WINDOWS\SYSTEM32\IPHLPAPI.DLL
0x00007ffc54d20000 - 0x00007ffc54d2e000 	C:\WINDOWS\System32\winrnr.dll
0x00007ffc65700000 - 0x00007ffc65715000 	C:\WINDOWS\System32\wshbth.dll
0x0000000068930000 - 0x0000000068956000 	C:\Program Files\Bonjour\mdnsNSP.dll
0x00007ffc5f310000 - 0x00007ffc5f31a000 	C:\Windows\System32\rasadhlp.dll
0x00007ffc62070000 - 0x00007ffc620e2000 	C:\WINDOWS\System32\fwpuclnt.dll
0x00007ffc6cf00000 - 0x00007ffc6cf25000 	C:\WINDOWS\SYSTEM32\bcrypt.dll
0x00000000680b0000 - 0x00000000680c1000 	C:\Program Files\Java\jdk1.8.0_181\jre\bin\nio.dll
0x0000000068070000 - 0x0000000068094000 	C:\Program Files\Java\jdk1.8.0_181\jre\bin\sunec.dll
0x00007ffc63600000 - 0x00007ffc63616000 	C:\WINDOWS\SYSTEM32\dhcpcsvc6.DLL
0x00007ffc62ef0000 - 0x00007ffc62f0a000 	C:\WINDOWS\SYSTEM32\dhcpcsvc.DLL
0x00007ffc6cdd0000 - 0x00007ffc6cde7000 	C:\WINDOWS\SYSTEM32\CRYPTSP.dll
0x00007ffc6c7d0000 - 0x00007ffc6c803000 	C:\WINDOWS\system32\rsaenh.dll
0x00007ffc6d320000 - 0x00007ffc6d348000 	C:\WINDOWS\SYSTEM32\USERENV.dll
0x00007ffc6cdf0000 - 0x00007ffc6cdfb000 	C:\WINDOWS\SYSTEM32\CRYPTBASE.dll
0x0000000067b40000 - 0x0000000067b4b000 	C:\Program Files\Java\jdk1.8.0_181\jre\bin\sunmscapi.dll
0x00007ffc6e3b0000 - 0x00007ffc6e592000 	C:\WINDOWS\System32\CRYPT32.dll
0x00007ffc6d480000 - 0x00007ffc6d492000 	C:\WINDOWS\System32\MSASN1.dll

VM Arguments:
jvm_args: -Dfile.encoding=UTF-8 
java_command: com.neo.MybatisAnnotationApplication
java_class_path (initial): C:\Users\xiangbin\AppData\Local\Temp\cp_9rca1ygi37qzfeew38a3rduk01.jar
Launcher Type: SUN_STANDARD

Environment Variables:
JAVA_HOME=C:\Program Files\Java\jdk1.8.0_181
CLASSPATH=.;C:\Program Files\Java\jdk1.8.0_181\lib\dt.jar;C:\Program Files\Java\jdk1.8.0_181\lib\tools.jar;C:\.FTPC\MES-AUTO-TEST\ProductionCentre\client\PlantOpsJavaProxies-JBoss.jar;C:\.FTPC\MES-AUTO-TEST\ProductionCentre\client\Client.jar;C:\ftpc_install\apache-tomcat-8.5.20\lib\servlet-api.jar
PATH=C:\app\zxb\product\12.1.0\dbhome_1\bin;C:\app\xiangbin\OraHome_1\bin;C:\app\dba\product\12.1.0\client_1\bin;C:\Program Files (x86)\Common Files\Oracle\Java\javapath;C:\WINDOWS\system32;C:\WINDOWS;C:\WINDOWS\System32\Wbem;C:\WINDOWS\System32\WindowsPowerShell\v1.0\;C:\WINDOWS\System32\OpenSSH\;C:\ftpc_install\apache-tomcat-8.5.20\lib;C:\ftpc_install\apache-tomcat-8.5.20\lib\servlet-api.jar;C:\ftpc_install\apache-tomcat-8.5.20\lib\jsp-api.jar;C:\ftpc_install\jboss-eap-7.1\bin;C:\app\zxb\product\12.1.0\client_1\bin;C:\Users\xiangbin\AppData\Local\Programs\Python\Python37-32;c:\users\xiangbin\appdata\local\programs\python\python37-32\lib\site-packages (7.2.0);C:\Program Files\Java\jdk1.8.0_181\bin;C:\Program Files\Java\jdk1.8.0_181\jre\bin;C:\Users\xiangbin\Downloads\apache-maven-3.6.2-bin\apache-maven-3.6.2\bin;C:\Program Files\Git\cmd;C:\Users\xiangbin\Downloads\mysql-8.0.18-winx64\mysql-8.0.18-winx64\bin;C:\Users\xiangbin\AppData\Local\Programs\Python\Python37\Scripts\;C:\Users\xiangbin\AppData\Local\Programs\Python\Python37\;C:\Users\xiangbin\AppData\Local\Microsoft\WindowsApps;;C:\Users\xiangbin\AppData\Local\Programs\Microsoft VS Code\bin
USERNAME=xiangbin
OS=Windows_NT
PROCESSOR_IDENTIFIER=Intel64 Family 6 Model 42 Stepping 7, GenuineIntel



---------------  S Y S T E M  ---------------

OS: Windows 10.0 , 64 bit Build 17134 (10.0.17134.753)

CPU:total 2 (initial active 2) (2 cores per cpu, 1 threads per core) family 6 model 42 stepping 7, cmov, cx8, fxsr, mmx, sse, sse2, sse3, ssse3, sse4.1, sse4.2, popcnt, avx, aes, clmul, tsc, tscinvbit

Memory: 4k page, physical 6437748k(1213296k free), swap 14157664k(5060k free)

vm_info: Java HotSpot(TM) 64-Bit Server VM (25.181-b13) for windows-amd64 JRE (1.8.0_181-b13), built on Jul  7 2018 04:01:33 by "java_re" with MS VC++ 10.0 (VS2010)

time: Sat Jan 11 08:30:15 2020
elapsed time: 25 seconds (0d 0h 0m 25s)

