#
# There is insufficient memory for the Java Runtime Environment to continue.
# Native memory allocation (malloc) failed to allocate 1043376 bytes for Chunk::new
# Possible reasons:
#   The system is out of physical RAM or swap space
#   In 32 bit mode, the process size limit was hit
# Possible solutions:
#   Reduce memory load on the system
#   Increase physical memory or swap space
#   Check if swap backing store is full
#   Use 64 bit Java on a 64 bit OS
#   Decrease Java heap size (-Xmx/-Xms)
#   Decrease number of Java threads
#   Decrease Java thread stack sizes (-Xss)
#   Set larger code cache with -XX:ReservedCodeCacheSize=
# This output file may be truncated or incomplete.
#
#  Out of Memory Error (allocation.cpp:390), pid=12216, tid=0x000000000000486c
#
# JRE version: Java(TM) SE Runtime Environment (8.0_181-b13) (build 1.8.0_181-b13)
# Java VM: Java HotSpot(TM) 64-Bit Server VM (25.181-b13 mixed mode windows-amd64 compressed oops)
# Failed to write core dump. Minidumps are not enabled by default on client versions of Windows
#

---------------  T H R E A D  ---------------

Current thread (0x00000000182d4000):  JavaThread "C2 CompilerThread0" daemon [_thread_in_native, id=18540, stack(0x0000000018bc0000,0x0000000018cc0000)]

Stack: [0x0000000018bc0000,0x0000000018cc0000]
[error occurred during error reporting (printing stack bounds), id 0xc0000005]

Native frames: (J=compiled Java code, j=interpreted, Vv=VM code, C=native code)


Current CompileTask:
C2:20957859 29273       4       org.eclipse.jdt.internal.compiler.lookup.MethodVerifier15::checkMethods (1161 bytes)


---------------  P R O C E S S  ---------------

Java Threads: ( => current thread )
  0x000000001e4ea000 JavaThread "Event Hub" daemon [_thread_blocked, id=16736, stack(0x000000002f380000,0x000000002f480000)]
  0x000000001e4eb000 JavaThread "Packet Send Manager" daemon [_thread_blocked, id=11564, stack(0x000000002f180000,0x000000002f280000)]
  0x000000001e4ed000 JavaThread "Packet Receive Manager" daemon [_thread_in_native, id=20464, stack(0x000000002f080000,0x000000002f180000)]
  0x000000001e4eb800 JavaThread "RxNewThreadScheduler-5" daemon [_thread_blocked, id=2192, stack(0x000000002ec80000,0x000000002ed80000)]
  0x000000001e4f1000 JavaThread "pool-2-thread-3" [_thread_in_native, id=17588, stack(0x000000002eb80000,0x000000002ec80000)]
  0x0000000021740000 JavaThread "Worker-35" [_thread_blocked, id=19932, stack(0x0000000020140000,0x0000000020240000)]
  0x0000000021742000 JavaThread "Worker-34" [_thread_blocked, id=9320, stack(0x0000000020040000,0x0000000020140000)]
  0x000000001dd0c800 JavaThread "Worker-33" [_thread_blocked, id=16976, stack(0x00000000798f0000,0x00000000799f0000)]
  0x000000001dd0e800 JavaThread "Worker-31" [_thread_blocked, id=9672, stack(0x00000000796f0000,0x00000000797f0000)]
  0x000000001dd12800 JavaThread "RxCachedWorkerPoolEvictor-1" daemon [_thread_blocked, id=656, stack(0x00000000782f0000,0x00000000783f0000)]
  0x000000001dd08800 JavaThread "RxSchedulerPurge-1" daemon [_thread_blocked, id=18724, stack(0x00000000781f0000,0x00000000782f0000)]
  0x000000001dd0d000 JavaThread "Java Debug Server" [_thread_in_native, id=7412, stack(0x0000000077ff0000,0x00000000780f0000)]
  0x00000000197d0000 JavaThread "pool-1-thread-1" [_thread_in_native, id=12916, stack(0x000000001edc0000,0x000000001eec0000)]
  0x00000000191e9800 JavaThread "Java indexing" daemon [_thread_blocked, id=17560, stack(0x000000001ccf0000,0x000000001cdf0000)]
  0x00000000183e1000 JavaThread "Worker-JM" [_thread_blocked, id=10492, stack(0x000000001b1b0000,0x000000001b2b0000)]
  0x00000000198d9000 JavaThread "Bundle File Closer" daemon [_thread_blocked, id=13220, stack(0x000000001aa90000,0x000000001ab90000)]
  0x0000000019adc000 JavaThread "Start Level: Equinox Container: c4df5264-2a4f-4f70-a003-8868da239af2" daemon [_thread_blocked, id=12308, stack(0x000000001a990000,0x000000001aa90000)]
  0x0000000019adb000 JavaThread "Framework Event Dispatcher: Equinox Container: c4df5264-2a4f-4f70-a003-8868da239af2" daemon [_thread_blocked, id=19960, stack(0x000000001a890000,0x000000001a990000)]
  0x00000000195e4000 JavaThread "Active Thread: Equinox Container: c4df5264-2a4f-4f70-a003-8868da239af2" [_thread_blocked, id=19324, stack(0x000000001a790000,0x000000001a890000)]
  0x00000000184f2000 JavaThread "Service Thread" daemon [_thread_blocked, id=1356, stack(0x0000000018dc0000,0x0000000018ec0000)]
  0x00000000182d4800 JavaThread "C1 CompilerThread1" daemon [_thread_blocked, id=16500, stack(0x0000000018cc0000,0x0000000018dc0000)]
=>0x00000000182d4000 JavaThread "C2 CompilerThread0" daemon [_thread_in_native, id=18540, stack(0x0000000018bc0000,0x0000000018cc0000)]
  0x0000000018267800 JavaThread "Attach Listener" daemon [_thread_blocked, id=15992, stack(0x0000000018ac0000,0x0000000018bc0000)]
  0x0000000018266800 JavaThread "Signal Dispatcher" daemon [_thread_blocked, id=1976, stack(0x00000000189c0000,0x0000000018ac0000)]
  0x0000000018265800 JavaThread "Surrogate Locker Thread (Concurrent GC)" daemon [_thread_blocked, id=12756, stack(0x00000000188c0000,0x00000000189c0000)]
  0x00000000181ea800 JavaThread "Finalizer" daemon [_thread_blocked, id=9728, stack(0x00000000187c0000,0x00000000188c0000)]
  0x00000000181e8800 JavaThread "Reference Handler" daemon [_thread_blocked, id=9468, stack(0x00000000186c0000,0x00000000187c0000)]
  0x0000000002ec3800 JavaThread "main" [_thread_blocked, id=8228, stack(0x0000000002c20000,0x0000000002d20000)]

Other Threads:
  0x00000000181e5000 VMThread [stack: 0x00000000185c0000,0x00000000186c0000] [id=11604]
  0x000000001840e800 WatcherThread [stack: 0x0000000018ec0000,0x0000000018fc0000] [id=8856]

VM state:not at safepoint (normal execution)

VM Mutex/Monitor currently owned by a thread: None

Heap:
 garbage-first heap   total 495616K, used 348160K [0x00000000c0000000, 0x00000000c0100f20, 0x0000000100000000)
  region size 1024K, 185 young (189440K), 19 survivors (19456K)
 Metaspace       used 80081K, capacity 84604K, committed 84732K, reserved 1124352K
  class space    used 7600K, capacity 8844K, committed 8956K, reserved 1048576K

Heap Regions: (Y=young(eden), SU=young(survivor), HS=humongous(starts), HC=humongous(continues), CS=collection set, F=free, TS=gc time stamp, PTAMS=previous top-at-mark-start, NTAMS=next top-at-mark-start)
AC   0  O    TS     0 PTAMS 0x00000000c0100000 NTAMS 0x00000000c0100000 space 1024K, 100% used [0x00000000c0000000, 0x00000000c0100000)
AC   0  O    TS     0 PTAMS 0x00000000c0200000 NTAMS 0x00000000c0200000 space 1024K, 100% used [0x00000000c0100000, 0x00000000c0200000)
AC   0  O    TS     0 PTAMS 0x00000000c0300000 NTAMS 0x00000000c0300000 space 1024K, 100% used [0x00000000c0200000, 0x00000000c0300000)
AC   0  O    TS     0 PTAMS 0x00000000c0400000 NTAMS 0x00000000c0400000 space 1024K, 100% used [0x00000000c0300000, 0x00000000c0400000)
AC   0 HS    TS     0 PTAMS 0x00000000c0480010 NTAMS 0x00000000c0480010 space 1024K,  50% used [0x00000000c0400000, 0x00000000c0500000)
AC   0  O    TS     0 PTAMS 0x00000000c0600000 NTAMS 0x00000000c0600000 space 1024K, 100% used [0x00000000c0500000, 0x00000000c0600000)
AC   0  O    TS     0 PTAMS 0x00000000c0700000 NTAMS 0x00000000c0700000 space 1024K, 100% used [0x00000000c0600000, 0x00000000c0700000)
AC   0  O    TS     0 PTAMS 0x00000000c0800000 NTAMS 0x00000000c0800000 space 1024K, 100% used [0x00000000c0700000, 0x00000000c0800000)
AC   0  O    TS     0 PTAMS 0x00000000c0900000 NTAMS 0x00000000c0900000 space 1024K, 100% used [0x00000000c0800000, 0x00000000c0900000)
AC   0  O    TS     0 PTAMS 0x00000000c0a00000 NTAMS 0x00000000c0a00000 space 1024K, 100% used [0x00000000c0900000, 0x00000000c0a00000)
AC   0  O    TS     0 PTAMS 0x00000000c0b00000 NTAMS 0x00000000c0b00000 space 1024K, 100% used [0x00000000c0a00000, 0x00000000c0b00000)
AC   0  O    TS     0 PTAMS 0x00000000c0c00000 NTAMS 0x00000000c0c00000 space 1024K, 100% used [0x00000000c0b00000, 0x00000000c0c00000)
AC   0  O    TS     0 PTAMS 0x00000000c0d00000 NTAMS 0x00000000c0d00000 space 1024K, 100% used [0x00000000c0c00000, 0x00000000c0d00000)
AC   0  O    TS     0 PTAMS 0x00000000c0e00000 NTAMS 0x00000000c0e00000 space 1024K, 100% used [0x00000000c0d00000, 0x00000000c0e00000)
AC   0  O    TS     0 PTAMS 0x00000000c0f00000 NTAMS 0x00000000c0f00000 space 1024K, 100% used [0x00000000c0e00000, 0x00000000c0f00000)
AC   0  O    TS     0 PTAMS 0x00000000c1000000 NTAMS 0x00000000c1000000 space 1024K, 100% used [0x00000000c0f00000, 0x00000000c1000000)
AC   0  O    TS     0 PTAMS 0x00000000c1100000 NTAMS 0x00000000c1100000 space 1024K, 100% used [0x00000000c1000000, 0x00000000c1100000)
AC   0  O    TS     0 PTAMS 0x00000000c1200000 NTAMS 0x00000000c1200000 space 1024K, 100% used [0x00000000c1100000, 0x00000000c1200000)
AC   0  O    TS     0 PTAMS 0x00000000c1300000 NTAMS 0x00000000c1300000 space 1024K, 100% used [0x00000000c1200000, 0x00000000c1300000)
AC   0  O    TS     0 PTAMS 0x00000000c1400000 NTAMS 0x00000000c1400000 space 1024K, 100% used [0x00000000c1300000, 0x00000000c1400000)
AC   0  O    TS     0 PTAMS 0x00000000c1500000 NTAMS 0x00000000c1500000 space 1024K, 100% used [0x00000000c1400000, 0x00000000c1500000)
AC   0  O    TS     0 PTAMS 0x00000000c1600000 NTAMS 0x00000000c1600000 space 1024K, 100% used [0x00000000c1500000, 0x00000000c1600000)
AC   0  O    TS     5 PTAMS 0x00000000c1600000 NTAMS 0x00000000c1600000 space 1024K, 100% used [0x00000000c1600000, 0x00000000c1700000)
AC   0  O    TS     0 PTAMS 0x00000000c1800000 NTAMS 0x00000000c1800000 space 1024K, 100% used [0x00000000c1700000, 0x00000000c1800000)
AC   0  O    TS     0 PTAMS 0x00000000c1900000 NTAMS 0x00000000c1900000 space 1024K, 100% used [0x00000000c1800000, 0x00000000c1900000)
AC   0  O    TS     0 PTAMS 0x00000000c1a00000 NTAMS 0x00000000c1a00000 space 1024K, 100% used [0x00000000c1900000, 0x00000000c1a00000)
AC   0  O    TS     0 PTAMS 0x00000000c1b00000 NTAMS 0x00000000c1b00000 space 1024K, 100% used [0x00000000c1a00000, 0x00000000c1b00000)
AC   0  O    TS     0 PTAMS 0x00000000c1c00000 NTAMS 0x00000000c1c00000 space 1024K, 100% used [0x00000000c1b00000, 0x00000000c1c00000)
AC   0  O    TS     5 PTAMS 0x00000000c1c00000 NTAMS 0x00000000c1c00000 space 1024K, 100% used [0x00000000c1c00000, 0x00000000c1d00000)
AC   0  O    TS     0 PTAMS 0x00000000c1e00000 NTAMS 0x00000000c1e00000 space 1024K, 100% used [0x00000000c1d00000, 0x00000000c1e00000)
AC   0  O    TS     0 PTAMS 0x00000000c1f00000 NTAMS 0x00000000c1f00000 space 1024K, 100% used [0x00000000c1e00000, 0x00000000c1f00000)
AC   0  O    TS     0 PTAMS 0x00000000c2000000 NTAMS 0x00000000c2000000 space 1024K, 100% used [0x00000000c1f00000, 0x00000000c2000000)
AC   0  O    TS     0 PTAMS 0x00000000c2100000 NTAMS 0x00000000c2100000 space 1024K, 100% used [0x00000000c2000000, 0x00000000c2100000)
AC   0  O    TS     0 PTAMS 0x00000000c2200000 NTAMS 0x00000000c2200000 space 1024K, 100% used [0x00000000c2100000, 0x00000000c2200000)
AC   0  O    TS     0 PTAMS 0x00000000c2300000 NTAMS 0x00000000c2300000 space 1024K, 100% used [0x00000000c2200000, 0x00000000c2300000)
AC   0  O    TS     0 PTAMS 0x00000000c2400000 NTAMS 0x00000000c2400000 space 1024K, 100% used [0x00000000c2300000, 0x00000000c2400000)
AC   0  O    TS     0 PTAMS 0x00000000c2500000 NTAMS 0x00000000c2500000 space 1024K, 100% used [0x00000000c2400000, 0x00000000c2500000)
AC   0  O    TS     0 PTAMS 0x00000000c2600000 NTAMS 0x00000000c2600000 space 1024K, 100% used [0x00000000c2500000, 0x00000000c2600000)
AC   0  O    TS     0 PTAMS 0x00000000c2700000 NTAMS 0x00000000c2700000 space 1024K, 100% used [0x00000000c2600000, 0x00000000c2700000)
AC   0  O    TS     0 PTAMS 0x00000000c2800000 NTAMS 0x00000000c2800000 space 1024K, 100% used [0x00000000c2700000, 0x00000000c2800000)
AC   0  O    TS     0 PTAMS 0x00000000c2900000 NTAMS 0x00000000c2900000 space 1024K, 100% used [0x00000000c2800000, 0x00000000c2900000)
AC   0  O    TS     0 PTAMS 0x00000000c2a00000 NTAMS 0x00000000c2a00000 space 1024K, 100% used [0x00000000c2900000, 0x00000000c2a00000)
AC   0  F    TS     0 PTAMS 0x00000000c2a00000 NTAMS 0x00000000c2a00000 space 1024K,   0% used [0x00000000c2a00000, 0x00000000c2b00000)
AC   0  O    TS     0 PTAMS 0x00000000c2c00000 NTAMS 0x00000000c2c00000 space 1024K, 100% used [0x00000000c2b00000, 0x00000000c2c00000)
AC   0  O    TS     0 PTAMS 0x00000000c2d00000 NTAMS 0x00000000c2d00000 space 1024K, 100% used [0x00000000c2c00000, 0x00000000c2d00000)
AC   0  O    TS     0 PTAMS 0x00000000c2e00000 NTAMS 0x00000000c2e00000 space 1024K, 100% used [0x00000000c2d00000, 0x00000000c2e00000)
AC   0  O    TS     0 PTAMS 0x00000000c2f00000 NTAMS 0x00000000c2f00000 space 1024K, 100% used [0x00000000c2e00000, 0x00000000c2f00000)
AC   0  O    TS     0 PTAMS 0x00000000c3000000 NTAMS 0x00000000c3000000 space 1024K, 100% used [0x00000000c2f00000, 0x00000000c3000000)
AC   0  F    TS     0 PTAMS 0x00000000c3000000 NTAMS 0x00000000c3000000 space 1024K,   0% used [0x00000000c3000000, 0x00000000c3100000)
AC   0  O    TS     5 PTAMS 0x00000000c3100000 NTAMS 0x00000000c3100000 space 1024K, 100% used [0x00000000c3100000, 0x00000000c3200000)
AC   0  O    TS     3 PTAMS 0x00000000c3200000 NTAMS 0x00000000c3200000 space 1024K, 100% used [0x00000000c3200000, 0x00000000c3300000)
AC   0  O    TS     0 PTAMS 0x00000000c3400000 NTAMS 0x00000000c3400000 space 1024K, 100% used [0x00000000c3300000, 0x00000000c3400000)
AC   0  O    TS     0 PTAMS 0x00000000c3500000 NTAMS 0x00000000c3500000 space 1024K, 100% used [0x00000000c3400000, 0x00000000c3500000)
AC   0  O    TS     0 PTAMS 0x00000000c3600000 NTAMS 0x00000000c3600000 space 1024K, 100% used [0x00000000c3500000, 0x00000000c3600000)
AC   0  O    TS     0 PTAMS 0x00000000c3700000 NTAMS 0x00000000c3700000 space 1024K, 100% used [0x00000000c3600000, 0x00000000c3700000)
AC   0  O    TS     5 PTAMS 0x00000000c3700000 NTAMS 0x00000000c3700000 space 1024K, 100% used [0x00000000c3700000, 0x00000000c3800000)
AC   0  O    TS     0 PTAMS 0x00000000c3900000 NTAMS 0x00000000c3900000 space 1024K, 100% used [0x00000000c3800000, 0x00000000c3900000)
AC   0  O    TS     5 PTAMS 0x00000000c3900000 NTAMS 0x00000000c3900000 space 1024K, 100% used [0x00000000c3900000, 0x00000000c3a00000)
AC   0  O    TS     0 PTAMS 0x00000000c3b00000 NTAMS 0x00000000c3b00000 space 1024K, 100% used [0x00000000c3a00000, 0x00000000c3b00000)
AC   0  F    TS     0 PTAMS 0x00000000c3b00000 NTAMS 0x00000000c3b00000 space 1024K,   0% used [0x00000000c3b00000, 0x00000000c3c00000)
AC   0  O    TS     0 PTAMS 0x00000000c3d00000 NTAMS 0x00000000c3d00000 space 1024K, 100% used [0x00000000c3c00000, 0x00000000c3d00000)
AC   0  O    TS     0 PTAMS 0x00000000c3e00000 NTAMS 0x00000000c3e00000 space 1024K, 100% used [0x00000000c3d00000, 0x00000000c3e00000)
AC   0  O    TS     0 PTAMS 0x00000000c3f00000 NTAMS 0x00000000c3f00000 space 1024K, 100% used [0x00000000c3e00000, 0x00000000c3f00000)
AC   0  O    TS     0 PTAMS 0x00000000c4000000 NTAMS 0x00000000c4000000 space 1024K, 100% used [0x00000000c3f00000, 0x00000000c4000000)
AC   0  O    TS     0 PTAMS 0x00000000c4100000 NTAMS 0x00000000c4100000 space 1024K, 100% used [0x00000000c4000000, 0x00000000c4100000)
AC   0  O    TS     0 PTAMS 0x00000000c4200000 NTAMS 0x00000000c4200000 space 1024K, 100% used [0x00000000c4100000, 0x00000000c4200000)
AC   0  O    TS     0 PTAMS 0x00000000c4300000 NTAMS 0x00000000c4300000 space 1024K, 100% used [0x00000000c4200000, 0x00000000c4300000)
AC   0  O    TS     0 PTAMS 0x00000000c4400000 NTAMS 0x00000000c4400000 space 1024K, 100% used [0x00000000c4300000, 0x00000000c4400000)
AC   0  O    TS     0 PTAMS 0x00000000c4500000 NTAMS 0x00000000c4500000 space 1024K, 100% used [0x00000000c4400000, 0x00000000c4500000)
AC   0  O    TS     0 PTAMS 0x00000000c4600000 NTAMS 0x00000000c4600000 space 1024K, 100% used [0x00000000c4500000, 0x00000000c4600000)
AC   0  O    TS     0 PTAMS 0x00000000c4700000 NTAMS 0x00000000c4700000 space 1024K, 100% used [0x00000000c4600000, 0x00000000c4700000)
AC   0  O    TS     0 PTAMS 0x00000000c4800000 NTAMS 0x00000000c4800000 space 1024K, 100% used [0x00000000c4700000, 0x00000000c4800000)
AC   0  O    TS     3 PTAMS 0x00000000c4800000 NTAMS 0x00000000c4800000 space 1024K, 100% used [0x00000000c4800000, 0x00000000c4900000)
AC   0  O    TS     0 PTAMS 0x00000000c4a00000 NTAMS 0x00000000c4a00000 space 1024K, 100% used [0x00000000c4900000, 0x00000000c4a00000)
AC   0  O    TS     3 PTAMS 0x00000000c4a00000 NTAMS 0x00000000c4a00000 space 1024K, 100% used [0x00000000c4a00000, 0x00000000c4b00000)
AC   0  O    TS     0 PTAMS 0x00000000c4c00000 NTAMS 0x00000000c4c00000 space 1024K, 100% used [0x00000000c4b00000, 0x00000000c4c00000)
AC   0  O    TS     0 PTAMS 0x00000000c4d00000 NTAMS 0x00000000c4d00000 space 1024K, 100% used [0x00000000c4c00000, 0x00000000c4d00000)
AC   0  O    TS     0 PTAMS 0x00000000c4e00000 NTAMS 0x00000000c4e00000 space 1024K, 100% used [0x00000000c4d00000, 0x00000000c4e00000)
AC   0  O    TS     0 PTAMS 0x00000000c4f00000 NTAMS 0x00000000c4f00000 space 1024K, 100% used [0x00000000c4e00000, 0x00000000c4f00000)
AC   0  O    TS     3 PTAMS 0x00000000c4f00000 NTAMS 0x00000000c4f00000 space 1024K, 100% used [0x00000000c4f00000, 0x00000000c5000000)
AC   0  O    TS     0 PTAMS 0x00000000c5100000 NTAMS 0x00000000c5100000 space 1024K, 100% used [0x00000000c5000000, 0x00000000c5100000)
AC   0  O    TS     3 PTAMS 0x00000000c5100000 NTAMS 0x00000000c5100000 space 1024K, 100% used [0x00000000c5100000, 0x00000000c5200000)
AC   0  O    TS     3 PTAMS 0x00000000c5200000 NTAMS 0x00000000c5200000 space 1024K, 100% used [0x00000000c5200000, 0x00000000c5300000)
AC   0  O    TS     3 PTAMS 0x00000000c5300000 NTAMS 0x00000000c5300000 space 1024K, 100% used [0x00000000c5300000, 0x00000000c5400000)
AC   0  F    TS     0 PTAMS 0x00000000c5400000 NTAMS 0x00000000c5400000 space 1024K,   0% used [0x00000000c5400000, 0x00000000c5500000)
AC   0  O    TS     0 PTAMS 0x00000000c5600000 NTAMS 0x00000000c5600000 space 1024K, 100% used [0x00000000c5500000, 0x00000000c5600000)
AC   0  O    TS     0 PTAMS 0x00000000c5700000 NTAMS 0x00000000c5700000 space 1024K, 100% used [0x00000000c5600000, 0x00000000c5700000)
AC   0  O    TS     0 PTAMS 0x00000000c5800000 NTAMS 0x00000000c5800000 space 1024K, 100% used [0x00000000c5700000, 0x00000000c5800000)
AC   0  O    TS     3 PTAMS 0x00000000c5800000 NTAMS 0x00000000c5800000 space 1024K, 100% used [0x00000000c5800000, 0x00000000c5900000)
AC   0  F    TS     0 PTAMS 0x00000000c5900000 NTAMS 0x00000000c5900000 space 1024K,   0% used [0x00000000c5900000, 0x00000000c5a00000)
AC   0  O    TS     0 PTAMS 0x00000000c5b00000 NTAMS 0x00000000c5b00000 space 1024K, 100% used [0x00000000c5a00000, 0x00000000c5b00000)
AC   0  O    TS     3 PTAMS 0x00000000c5b00000 NTAMS 0x00000000c5b00000 space 1024K, 100% used [0x00000000c5b00000, 0x00000000c5c00000)
AC   0  O    TS     0 PTAMS 0x00000000c5d00000 NTAMS 0x00000000c5d00000 space 1024K, 100% used [0x00000000c5c00000, 0x00000000c5d00000)
AC   0  O    TS     0 PTAMS 0x00000000c5e00000 NTAMS 0x00000000c5e00000 space 1024K, 100% used [0x00000000c5d00000, 0x00000000c5e00000)
AC   0  O    TS     0 PTAMS 0x00000000c5f00000 NTAMS 0x00000000c5f00000 space 1024K, 100% used [0x00000000c5e00000, 0x00000000c5f00000)
AC   0  O    TS     0 PTAMS 0x00000000c6000000 NTAMS 0x00000000c6000000 space 1024K, 100% used [0x00000000c5f00000, 0x00000000c6000000)
AC   0  O    TS     0 PTAMS 0x00000000c6100000 NTAMS 0x00000000c6100000 space 1024K, 100% used [0x00000000c6000000, 0x00000000c6100000)
AC   0  O    TS     3 PTAMS 0x00000000c6100000 NTAMS 0x00000000c6100000 space 1024K, 100% used [0x00000000c6100000, 0x00000000c6200000)
AC   0  O    TS     0 PTAMS 0x00000000c6300000 NTAMS 0x00000000c6300000 space 1024K, 100% used [0x00000000c6200000, 0x00000000c6300000)
AC   0  O    TS     5 PTAMS 0x00000000c6300000 NTAMS 0x00000000c6300000 space 1024K, 100% used [0x00000000c6300000, 0x00000000c6400000)
AC   0  O    TS     3 PTAMS 0x00000000c6400000 NTAMS 0x00000000c6400000 space 1024K, 100% used [0x00000000c6400000, 0x00000000c6500000)
AC   0  O    TS     3 PTAMS 0x00000000c6500000 NTAMS 0x00000000c6500000 space 1024K, 100% used [0x00000000c6500000, 0x00000000c6600000)
AC   0  O    TS     5 PTAMS 0x00000000c6600000 NTAMS 0x00000000c6600000 space 1024K, 100% used [0x00000000c6600000, 0x00000000c6700000)
AC   0  O    TS     0 PTAMS 0x00000000c6800000 NTAMS 0x00000000c6800000 space 1024K, 100% used [0x00000000c6700000, 0x00000000c6800000)
AC   0  O    TS     0 PTAMS 0x00000000c6900000 NTAMS 0x00000000c6900000 space 1024K, 100% used [0x00000000c6800000, 0x00000000c6900000)
AC   0  O    TS     5 PTAMS 0x00000000c6900000 NTAMS 0x00000000c6900000 space 1024K, 100% used [0x00000000c6900000, 0x00000000c6a00000)
AC   0  O    TS     0 PTAMS 0x00000000c6b00000 NTAMS 0x00000000c6b00000 space 1024K, 100% used [0x00000000c6a00000, 0x00000000c6b00000)
AC   0  O    TS     5 PTAMS 0x00000000c6b00000 NTAMS 0x00000000c6b00000 space 1024K, 100% used [0x00000000c6b00000, 0x00000000c6c00000)
AC   0  O    TS     3 PTAMS 0x00000000c6c00000 NTAMS 0x00000000c6c00000 space 1024K, 100% used [0x00000000c6c00000, 0x00000000c6d00000)
AC   0  F    TS     0 PTAMS 0x00000000c6d00000 NTAMS 0x00000000c6d00000 space 1024K,   0% used [0x00000000c6d00000, 0x00000000c6e00000)
AC   0  F    TS     0 PTAMS 0x00000000c6e00000 NTAMS 0x00000000c6e00000 space 1024K,   0% used [0x00000000c6e00000, 0x00000000c6f00000)
AC   0  O    TS     0 PTAMS 0x00000000c7000000 NTAMS 0x00000000c7000000 space 1024K, 100% used [0x00000000c6f00000, 0x00000000c7000000)
AC   0  F    TS     0 PTAMS 0x00000000c7000000 NTAMS 0x00000000c7000000 space 1024K,   0% used [0x00000000c7000000, 0x00000000c7100000)
AC   0  F    TS     0 PTAMS 0x00000000c7100000 NTAMS 0x00000000c7100000 space 1024K,   0% used [0x00000000c7100000, 0x00000000c7200000)
AC   0  O    TS     3 PTAMS 0x00000000c7200000 NTAMS 0x00000000c7200000 space 1024K, 100% used [0x00000000c7200000, 0x00000000c7300000)
AC   0  O    TS     3 PTAMS 0x00000000c7300000 NTAMS 0x00000000c7300000 space 1024K, 100% used [0x00000000c7300000, 0x00000000c7400000)
AC   0  O    TS     3 PTAMS 0x00000000c7400000 NTAMS 0x00000000c7400000 space 1024K, 100% used [0x00000000c7400000, 0x00000000c7500000)
AC   0  O    TS     3 PTAMS 0x00000000c7500000 NTAMS 0x00000000c7500000 space 1024K, 100% used [0x00000000c7500000, 0x00000000c7600000)
AC   0  F    TS     0 PTAMS 0x00000000c7600000 NTAMS 0x00000000c7600000 space 1024K,   0% used [0x00000000c7600000, 0x00000000c7700000)
AC   0  O    TS     0 PTAMS 0x00000000c7800000 NTAMS 0x00000000c7800000 space 1024K, 100% used [0x00000000c7700000, 0x00000000c7800000)
AC   0  O    TS     0 PTAMS 0x00000000c7900000 NTAMS 0x00000000c7900000 space 1024K, 100% used [0x00000000c7800000, 0x00000000c7900000)
AC   0  O    TS     0 PTAMS 0x00000000c7a00000 NTAMS 0x00000000c7a00000 space 1024K, 100% used [0x00000000c7900000, 0x00000000c7a00000)
AC   0  F    TS     0 PTAMS 0x00000000c7a00000 NTAMS 0x00000000c7a00000 space 1024K,   0% used [0x00000000c7a00000, 0x00000000c7b00000)
AC   0  O    TS     0 PTAMS 0x00000000c7c00000 NTAMS 0x00000000c7c00000 space 1024K, 100% used [0x00000000c7b00000, 0x00000000c7c00000)
AC   0  F    TS     0 PTAMS 0x00000000c7c00000 NTAMS 0x00000000c7c00000 space 1024K,   0% used [0x00000000c7c00000, 0x00000000c7d00000)
AC   0  O    TS     0 PTAMS 0x00000000c7e00000 NTAMS 0x00000000c7e00000 space 1024K, 100% used [0x00000000c7d00000, 0x00000000c7e00000)
AC   0  F    TS     0 PTAMS 0x00000000c7e00000 NTAMS 0x00000000c7e00000 space 1024K,   0% used [0x00000000c7e00000, 0x00000000c7f00000)
AC   0  O    TS     0 PTAMS 0x00000000c8000000 NTAMS 0x00000000c8000000 space 1024K, 100% used [0x00000000c7f00000, 0x00000000c8000000)
AC   0  O    TS     3 PTAMS 0x00000000c8000000 NTAMS 0x00000000c8000000 space 1024K, 100% used [0x00000000c8000000, 0x00000000c8100000)
AC   0  O    TS     0 PTAMS 0x00000000c8200000 NTAMS 0x00000000c8200000 space 1024K, 100% used [0x00000000c8100000, 0x00000000c8200000)
AC   0  F    TS     0 PTAMS 0x00000000c8200000 NTAMS 0x00000000c8200000 space 1024K,   0% used [0x00000000c8200000, 0x00000000c8300000)
AC   0  O    TS     0 PTAMS 0x00000000c8400000 NTAMS 0x00000000c8400000 space 1024K, 100% used [0x00000000c8300000, 0x00000000c8400000)
AC   0  F    TS     0 PTAMS 0x00000000c8400000 NTAMS 0x00000000c8400000 space 1024K,   0% used [0x00000000c8400000, 0x00000000c8500000)
AC   0  O    TS     0 PTAMS 0x00000000c8600000 NTAMS 0x00000000c8600000 space 1024K, 100% used [0x00000000c8500000, 0x00000000c8600000)
AC   0  F    TS     0 PTAMS 0x00000000c8600000 NTAMS 0x00000000c8600000 space 1024K,   0% used [0x00000000c8600000, 0x00000000c8700000)
AC   0  F    TS     0 PTAMS 0x00000000c8700000 NTAMS 0x00000000c8700000 space 1024K,   0% used [0x00000000c8700000, 0x00000000c8800000)
AC   0  F    TS     0 PTAMS 0x00000000c8800000 NTAMS 0x00000000c8800000 space 1024K,   0% used [0x00000000c8800000, 0x00000000c8900000)
AC   0  O    TS     3 PTAMS 0x00000000c8900000 NTAMS 0x00000000c8900000 space 1024K, 100% used [0x00000000c8900000, 0x00000000c8a00000)
AC   0  F    TS     0 PTAMS 0x00000000c8a00000 NTAMS 0x00000000c8a00000 space 1024K,   0% used [0x00000000c8a00000, 0x00000000c8b00000)
AC   0  O    TS     0 PTAMS 0x00000000c8c00000 NTAMS 0x00000000c8c00000 space 1024K, 100% used [0x00000000c8b00000, 0x00000000c8c00000)
AC   0  O    TS     5 PTAMS 0x00000000c8c00000 NTAMS 0x00000000c8c00000 space 1024K, 100% used [0x00000000c8c00000, 0x00000000c8d00000)
AC   0  F    TS     0 PTAMS 0x00000000c8d00000 NTAMS 0x00000000c8d00000 space 1024K,   0% used [0x00000000c8d00000, 0x00000000c8e00000)
AC   0  O    TS     0 PTAMS 0x00000000c8f00000 NTAMS 0x00000000c8f00000 space 1024K, 100% used [0x00000000c8e00000, 0x00000000c8f00000)
AC   0  F    TS     0 PTAMS 0x00000000c8f00000 NTAMS 0x00000000c8f00000 space 1024K,   0% used [0x00000000c8f00000, 0x00000000c9000000)
AC   0  F    TS     0 PTAMS 0x00000000c9000000 NTAMS 0x00000000c9000000 space 1024K,   0% used [0x00000000c9000000, 0x00000000c9100000)
AC   0  O    TS     0 PTAMS 0x00000000c9200000 NTAMS 0x00000000c9200000 space 1024K, 100% used [0x00000000c9100000, 0x00000000c9200000)
AC   0  O    TS     0 PTAMS 0x00000000c9300000 NTAMS 0x00000000c9300000 space 1024K, 100% used [0x00000000c9200000, 0x00000000c9300000)
AC   0  O    TS     0 PTAMS 0x00000000c9400000 NTAMS 0x00000000c9400000 space 1024K, 100% used [0x00000000c9300000, 0x00000000c9400000)
AC   0  O    TS     0 PTAMS 0x00000000c9500000 NTAMS 0x00000000c9500000 space 1024K, 100% used [0x00000000c9400000, 0x00000000c9500000)
AC   0  F    TS     0 PTAMS 0x00000000c9500000 NTAMS 0x00000000c9500000 space 1024K,   0% used [0x00000000c9500000, 0x00000000c9600000)
AC   0  F    TS     0 PTAMS 0x00000000c9600000 NTAMS 0x00000000c9600000 space 1024K,   0% used [0x00000000c9600000, 0x00000000c9700000)
AC   0  F    TS     0 PTAMS 0x00000000c9700000 NTAMS 0x00000000c9700000 space 1024K,   0% used [0x00000000c9700000, 0x00000000c9800000)
AC   0  F    TS     0 PTAMS 0x00000000c9800000 NTAMS 0x00000000c9800000 space 1024K,   0% used [0x00000000c9800000, 0x00000000c9900000)
AC   0  O    TS     0 PTAMS 0x00000000c9a00000 NTAMS 0x00000000c9a00000 space 1024K, 100% used [0x00000000c9900000, 0x00000000c9a00000)
AC   0  F    TS     0 PTAMS 0x00000000c9a00000 NTAMS 0x00000000c9a00000 space 1024K,   0% used [0x00000000c9a00000, 0x00000000c9b00000)
AC   0  O    TS     0 PTAMS 0x00000000c9c00000 NTAMS 0x00000000c9c00000 space 1024K, 100% used [0x00000000c9b00000, 0x00000000c9c00000)
AC   0  O    TS     0 PTAMS 0x00000000c9d00000 NTAMS 0x00000000c9d00000 space 1024K, 100% used [0x00000000c9c00000, 0x00000000c9d00000)
AC   0  F    TS     0 PTAMS 0x00000000c9d00000 NTAMS 0x00000000c9d00000 space 1024K,   0% used [0x00000000c9d00000, 0x00000000c9e00000)
AC   0  F    TS     0 PTAMS 0x00000000c9e00000 NTAMS 0x00000000c9e00000 space 1024K,   0% used [0x00000000c9e00000, 0x00000000c9f00000)
AC   0  F    TS     0 PTAMS 0x00000000c9f00000 NTAMS 0x00000000c9f00000 space 1024K,   0% used [0x00000000c9f00000, 0x00000000ca000000)
AC   0  F    TS     0 PTAMS 0x00000000ca000000 NTAMS 0x00000000ca000000 space 1024K,   0% used [0x00000000ca000000, 0x00000000ca100000)
AC   0  F    TS     0 PTAMS 0x00000000ca100000 NTAMS 0x00000000ca100000 space 1024K,   0% used [0x00000000ca100000, 0x00000000ca200000)
AC   0  F    TS     0 PTAMS 0x00000000ca200000 NTAMS 0x00000000ca200000 space 1024K,   0% used [0x00000000ca200000, 0x00000000ca300000)
AC   0  F    TS     0 PTAMS 0x00000000ca300000 NTAMS 0x00000000ca300000 space 1024K,   0% used [0x00000000ca300000, 0x00000000ca400000)
AC   0  F    TS     0 PTAMS 0x00000000ca400000 NTAMS 0x00000000ca400000 space 1024K,   0% used [0x00000000ca400000, 0x00000000ca500000)
AC   0  F    TS     0 PTAMS 0x00000000ca500000 NTAMS 0x00000000ca500000 space 1024K,   0% used [0x00000000ca500000, 0x00000000ca600000)
AC   0  F    TS     0 PTAMS 0x00000000ca600000 NTAMS 0x00000000ca600000 space 1024K,   0% used [0x00000000ca600000, 0x00000000ca700000)
AC   0  F    TS     0 PTAMS 0x00000000ca700000 NTAMS 0x00000000ca700000 space 1024K,   0% used [0x00000000ca700000, 0x00000000ca800000)
AC   0  F    TS     0 PTAMS 0x00000000ca800000 NTAMS 0x00000000ca800000 space 1024K,   0% used [0x00000000ca800000, 0x00000000ca900000)
AC   0  F    TS     0 PTAMS 0x00000000ca900000 NTAMS 0x00000000ca900000 space 1024K,   0% used [0x00000000ca900000, 0x00000000caa00000)
AC   0  F    TS     0 PTAMS 0x00000000caa00000 NTAMS 0x00000000caa00000 space 1024K,   0% used [0x00000000caa00000, 0x00000000cab00000)
AC   0  F    TS     0 PTAMS 0x00000000cab00000 NTAMS 0x00000000cab00000 space 1024K,   0% used [0x00000000cab00000, 0x00000000cac00000)
AC   0  F    TS     0 PTAMS 0x00000000cac00000 NTAMS 0x00000000cac00000 space 1024K,   0% used [0x00000000cac00000, 0x00000000cad00000)
AC   0  F    TS     0 PTAMS 0x00000000cad00000 NTAMS 0x00000000cad00000 space 1024K,   0% used [0x00000000cad00000, 0x00000000cae00000)
AC   0  F    TS     0 PTAMS 0x00000000cae00000 NTAMS 0x00000000cae00000 space 1024K,   0% used [0x00000000cae00000, 0x00000000caf00000)
AC   0  F    TS     0 PTAMS 0x00000000caf00000 NTAMS 0x00000000caf00000 space 1024K,   0% used [0x00000000caf00000, 0x00000000cb000000)
AC   0  F    TS     0 PTAMS 0x00000000cb000000 NTAMS 0x00000000cb000000 space 1024K,   0% used [0x00000000cb000000, 0x00000000cb100000)
AC   0  S CS TS    19 PTAMS 0x00000000cb100000 NTAMS 0x00000000cb100000 space 1024K,  49% used [0x00000000cb100000, 0x00000000cb200000)
AC   0  S CS TS    19 PTAMS 0x00000000cb200000 NTAMS 0x00000000cb200000 space 1024K, 100% used [0x00000000cb200000, 0x00000000cb300000)
AC   0  S CS TS    19 PTAMS 0x00000000cb300000 NTAMS 0x00000000cb300000 space 1024K, 100% used [0x00000000cb300000, 0x00000000cb400000)
AC   0  S CS TS    19 PTAMS 0x00000000cb400000 NTAMS 0x00000000cb400000 space 1024K, 100% used [0x00000000cb400000, 0x00000000cb500000)
AC   0  S CS TS    19 PTAMS 0x00000000cb500000 NTAMS 0x00000000cb500000 space 1024K, 100% used [0x00000000cb500000, 0x00000000cb600000)
AC   0  S CS TS    19 PTAMS 0x00000000cb600000 NTAMS 0x00000000cb600000 space 1024K, 100% used [0x00000000cb600000, 0x00000000cb700000)
AC   0  S CS TS    19 PTAMS 0x00000000cb700000 NTAMS 0x00000000cb700000 space 1024K, 100% used [0x00000000cb700000, 0x00000000cb800000)
AC   0  S CS TS    19 PTAMS 0x00000000cb800000 NTAMS 0x00000000cb800000 space 1024K, 100% used [0x00000000cb800000, 0x00000000cb900000)
AC   0  S CS TS    19 PTAMS 0x00000000cb900000 NTAMS 0x00000000cb900000 space 1024K, 100% used [0x00000000cb900000, 0x00000000cba00000)
AC   0  S CS TS    19 PTAMS 0x00000000cba00000 NTAMS 0x00000000cba00000 space 1024K, 100% used [0x00000000cba00000, 0x00000000cbb00000)
AC   0  O    TS     0 PTAMS 0x00000000cbc00000 NTAMS 0x00000000cbc00000 space 1024K, 100% used [0x00000000cbb00000, 0x00000000cbc00000)
AC   0  S CS TS    19 PTAMS 0x00000000cbc00000 NTAMS 0x00000000cbc00000 space 1024K, 100% used [0x00000000cbc00000, 0x00000000cbd00000)
AC   0  S CS TS    19 PTAMS 0x00000000cbd00000 NTAMS 0x00000000cbd00000 space 1024K, 100% used [0x00000000cbd00000, 0x00000000cbe00000)
AC   0  S CS TS    19 PTAMS 0x00000000cbe00000 NTAMS 0x00000000cbe00000 space 1024K, 100% used [0x00000000cbe00000, 0x00000000cbf00000)
AC   0  O    TS     0 PTAMS 0x00000000cc000000 NTAMS 0x00000000cc000000 space 1024K, 100% used [0x00000000cbf00000, 0x00000000cc000000)
AC   0  O    TS     0 PTAMS 0x00000000cc100000 NTAMS 0x00000000cc100000 space 1024K, 100% used [0x00000000cc000000, 0x00000000cc100000)
AC   0  O    TS     0 PTAMS 0x00000000cc200000 NTAMS 0x00000000cc200000 space 1024K, 100% used [0x00000000cc100000, 0x00000000cc200000)
AC   0  O    TS     0 PTAMS 0x00000000cc300000 NTAMS 0x00000000cc300000 space 1024K, 100% used [0x00000000cc200000, 0x00000000cc300000)
AC   0  O    TS     0 PTAMS 0x00000000cc400000 NTAMS 0x00000000cc400000 space 1024K, 100% used [0x00000000cc300000, 0x00000000cc400000)
AC   0  O    TS     0 PTAMS 0x00000000cc500000 NTAMS 0x00000000cc500000 space 1024K, 100% used [0x00000000cc400000, 0x00000000cc500000)
AC   0  O    TS     0 PTAMS 0x00000000cc600000 NTAMS 0x00000000cc600000 space 1024K, 100% used [0x00000000cc500000, 0x00000000cc600000)
AC   0  O    TS     0 PTAMS 0x00000000cc700000 NTAMS 0x00000000cc700000 space 1024K, 100% used [0x00000000cc600000, 0x00000000cc700000)
AC   0  O    TS     0 PTAMS 0x00000000cc800000 NTAMS 0x00000000cc800000 space 1024K, 100% used [0x00000000cc700000, 0x00000000cc800000)
AC   0  O    TS     0 PTAMS 0x00000000cc900000 NTAMS 0x00000000cc900000 space 1024K, 100% used [0x00000000cc800000, 0x00000000cc900000)
AC   0  S CS TS    19 PTAMS 0x00000000cc900000 NTAMS 0x00000000cc900000 space 1024K, 100% used [0x00000000cc900000, 0x00000000cca00000)
AC   0  O    TS     0 PTAMS 0x00000000ccb00000 NTAMS 0x00000000ccb00000 space 1024K, 100% used [0x00000000cca00000, 0x00000000ccb00000)
AC   0  O    TS     0 PTAMS 0x00000000ccc00000 NTAMS 0x00000000ccc00000 space 1024K, 100% used [0x00000000ccb00000, 0x00000000ccc00000)
AC   0  S CS TS    19 PTAMS 0x00000000ccc00000 NTAMS 0x00000000ccc00000 space 1024K, 100% used [0x00000000ccc00000, 0x00000000ccd00000)
AC   0  O    TS     0 PTAMS 0x00000000cce00000 NTAMS 0x00000000cce00000 space 1024K, 100% used [0x00000000ccd00000, 0x00000000cce00000)
AC   0  O    TS     0 PTAMS 0x00000000ccf00000 NTAMS 0x00000000ccf00000 space 1024K, 100% used [0x00000000cce00000, 0x00000000ccf00000)
AC   0  O    TS     3 PTAMS 0x00000000ccf5a200 NTAMS 0x00000000ccf5a200 space 1024K, 100% used [0x00000000ccf00000, 0x00000000cd000000)
AC   0  S CS TS    19 PTAMS 0x00000000cd000000 NTAMS 0x00000000cd000000 space 1024K, 100% used [0x00000000cd000000, 0x00000000cd100000)
AC   0  S CS TS    19 PTAMS 0x00000000cd100000 NTAMS 0x00000000cd100000 space 1024K, 100% used [0x00000000cd100000, 0x00000000cd200000)
AC   0  S CS TS    19 PTAMS 0x00000000cd200000 NTAMS 0x00000000cd200000 space 1024K, 100% used [0x00000000cd200000, 0x00000000cd300000)
AC   0  S CS TS    19 PTAMS 0x00000000cd300000 NTAMS 0x00000000cd300000 space 1024K, 100% used [0x00000000cd300000, 0x00000000cd400000)
AC   0  F    TS    13 PTAMS 0x00000000cd400000 NTAMS 0x00000000cd400000 space 1024K,   0% used [0x00000000cd400000, 0x00000000cd500000)
AC   0  F    TS    13 PTAMS 0x00000000cd500000 NTAMS 0x00000000cd500000 space 1024K,   0% used [0x00000000cd500000, 0x00000000cd600000)
AC   0  F    TS    15 PTAMS 0x00000000cd600000 NTAMS 0x00000000cd600000 space 1024K,   0% used [0x00000000cd600000, 0x00000000cd700000)
AC   0  F    TS    13 PTAMS 0x00000000cd700000 NTAMS 0x00000000cd700000 space 1024K,   0% used [0x00000000cd700000, 0x00000000cd800000)
AC   0  F    TS    17 PTAMS 0x00000000cd800000 NTAMS 0x00000000cd800000 space 1024K,   0% used [0x00000000cd800000, 0x00000000cd900000)
AC   0  F    TS    17 PTAMS 0x00000000cd900000 NTAMS 0x00000000cd900000 space 1024K,   0% used [0x00000000cd900000, 0x00000000cda00000)
AC   0  F    TS    17 PTAMS 0x00000000cda00000 NTAMS 0x00000000cda00000 space 1024K,   0% used [0x00000000cda00000, 0x00000000cdb00000)
AC   0  F    TS    17 PTAMS 0x00000000cdb00000 NTAMS 0x00000000cdb00000 space 1024K,   0% used [0x00000000cdb00000, 0x00000000cdc00000)
AC   0  F    TS    17 PTAMS 0x00000000cdc00000 NTAMS 0x00000000cdc00000 space 1024K,   0% used [0x00000000cdc00000, 0x00000000cdd00000)
AC   0  F    TS    17 PTAMS 0x00000000cdd00000 NTAMS 0x00000000cdd00000 space 1024K,   0% used [0x00000000cdd00000, 0x00000000cde00000)
AC   0  F    TS    17 PTAMS 0x00000000cde00000 NTAMS 0x00000000cde00000 space 1024K,   0% used [0x00000000cde00000, 0x00000000cdf00000)
AC   0  O    TS     0 PTAMS 0x00000000ce000000 NTAMS 0x00000000ce000000 space 1024K, 100% used [0x00000000cdf00000, 0x00000000ce000000)
AC   0  F    TS    17 PTAMS 0x00000000ce000000 NTAMS 0x00000000ce000000 space 1024K,   0% used [0x00000000ce000000, 0x00000000ce100000)
AC   0  F    TS    17 PTAMS 0x00000000ce100000 NTAMS 0x00000000ce100000 space 1024K,   0% used [0x00000000ce100000, 0x00000000ce200000)
AC   0  F    TS    17 PTAMS 0x00000000ce200000 NTAMS 0x00000000ce200000 space 1024K,   0% used [0x00000000ce200000, 0x00000000ce300000)
AC   0  F    TS    17 PTAMS 0x00000000ce300000 NTAMS 0x00000000ce300000 space 1024K,   0% used [0x00000000ce300000, 0x00000000ce400000)
AC   0  F    TS    17 PTAMS 0x00000000ce400000 NTAMS 0x00000000ce400000 space 1024K,   0% used [0x00000000ce400000, 0x00000000ce500000)
AC   0  F    TS    17 PTAMS 0x00000000ce500000 NTAMS 0x00000000ce500000 space 1024K,   0% used [0x00000000ce500000, 0x00000000ce600000)
AC   0  F    TS    17 PTAMS 0x00000000ce600000 NTAMS 0x00000000ce600000 space 1024K,   0% used [0x00000000ce600000, 0x00000000ce700000)
AC   0  F    TS    17 PTAMS 0x00000000ce700000 NTAMS 0x00000000ce700000 space 1024K,   0% used [0x00000000ce700000, 0x00000000ce800000)
AC   0  F    TS    17 PTAMS 0x00000000ce800000 NTAMS 0x00000000ce800000 space 1024K,   0% used [0x00000000ce800000, 0x00000000ce900000)
AC   0  F    TS     0 PTAMS 0x00000000ce900000 NTAMS 0x00000000ce900000 space 1024K,   0% used [0x00000000ce900000, 0x00000000cea00000)
AC   0  F    TS     0 PTAMS 0x00000000cea00000 NTAMS 0x00000000cea00000 space 1024K,   0% used [0x00000000cea00000, 0x00000000ceb00000)
AC   0  F    TS     0 PTAMS 0x00000000ceb00000 NTAMS 0x00000000ceb00000 space 1024K,   0% used [0x00000000ceb00000, 0x00000000cec00000)
AC   0  F    TS     0 PTAMS 0x00000000cec00000 NTAMS 0x00000000cec00000 space 1024K,   0% used [0x00000000cec00000, 0x00000000ced00000)
AC   0  F    TS     0 PTAMS 0x00000000ced00000 NTAMS 0x00000000ced00000 space 1024K,   0% used [0x00000000ced00000, 0x00000000cee00000)
AC   0  F    TS     0 PTAMS 0x00000000cee00000 NTAMS 0x00000000cee00000 space 1024K,   0% used [0x00000000cee00000, 0x00000000cef00000)
AC   0  F    TS     0 PTAMS 0x00000000cef00000 NTAMS 0x00000000cef00000 space 1024K,   0% used [0x00000000cef00000, 0x00000000cf000000)
AC   0  F    TS     0 PTAMS 0x00000000cf000000 NTAMS 0x00000000cf000000 space 1024K,   0% used [0x00000000cf000000, 0x00000000cf100000)
AC   0  F    TS     0 PTAMS 0x00000000cf100000 NTAMS 0x00000000cf100000 space 1024K,   0% used [0x00000000cf100000, 0x00000000cf200000)
AC   0  F    TS     0 PTAMS 0x00000000cf200000 NTAMS 0x00000000cf200000 space 1024K,   0% used [0x00000000cf200000, 0x00000000cf300000)
AC   0  F    TS     0 PTAMS 0x00000000cf300000 NTAMS 0x00000000cf300000 space 1024K,   0% used [0x00000000cf300000, 0x00000000cf400000)
AC   0  F    TS     0 PTAMS 0x00000000cf400000 NTAMS 0x00000000cf400000 space 1024K,   0% used [0x00000000cf400000, 0x00000000cf500000)
AC   0  F    TS     0 PTAMS 0x00000000cf500000 NTAMS 0x00000000cf500000 space 1024K,   0% used [0x00000000cf500000, 0x00000000cf600000)
AC   0  F    TS     0 PTAMS 0x00000000cf600000 NTAMS 0x00000000cf600000 space 1024K,   0% used [0x00000000cf600000, 0x00000000cf700000)
AC   0  O    TS     0 PTAMS 0x00000000cf800000 NTAMS 0x00000000cf800000 space 1024K, 100% used [0x00000000cf700000, 0x00000000cf800000)
AC   0  O    TS     0 PTAMS 0x00000000cf900000 NTAMS 0x00000000cf900000 space 1024K, 100% used [0x00000000cf800000, 0x00000000cf900000)
AC   0  F    TS     0 PTAMS 0x00000000cf900000 NTAMS 0x00000000cf900000 space 1024K,   0% used [0x00000000cf900000, 0x00000000cfa00000)
AC   0  F    TS     0 PTAMS 0x00000000cfa00000 NTAMS 0x00000000cfa00000 space 1024K,   0% used [0x00000000cfa00000, 0x00000000cfb00000)
AC   0  O    TS     0 PTAMS 0x00000000cfc00000 NTAMS 0x00000000cfc00000 space 1024K, 100% used [0x00000000cfb00000, 0x00000000cfc00000)
AC   0  F    TS     0 PTAMS 0x00000000cfc00000 NTAMS 0x00000000cfc00000 space 1024K,   0% used [0x00000000cfc00000, 0x00000000cfd00000)
AC   0  O    TS     0 PTAMS 0x00000000cfe00000 NTAMS 0x00000000cfe00000 space 1024K, 100% used [0x00000000cfd00000, 0x00000000cfe00000)
AC   0  O    TS     0 PTAMS 0x00000000cff00000 NTAMS 0x00000000cff00000 space 1024K, 100% used [0x00000000cfe00000, 0x00000000cff00000)
AC   0  F    TS     0 PTAMS 0x00000000cff00000 NTAMS 0x00000000cff00000 space 1024K,   0% used [0x00000000cff00000, 0x00000000d0000000)
AC   0  F    TS     0 PTAMS 0x00000000d0000000 NTAMS 0x00000000d0000000 space 1024K,   0% used [0x00000000d0000000, 0x00000000d0100000)
AC   0  F    TS     0 PTAMS 0x00000000d0100000 NTAMS 0x00000000d0100000 space 1024K,   0% used [0x00000000d0100000, 0x00000000d0200000)
AC   0  O    TS     0 PTAMS 0x00000000d0300000 NTAMS 0x00000000d0300000 space 1024K, 100% used [0x00000000d0200000, 0x00000000d0300000)
AC   0  F    TS     0 PTAMS 0x00000000d0300000 NTAMS 0x00000000d0300000 space 1024K,   0% used [0x00000000d0300000, 0x00000000d0400000)
AC   0  F    TS     0 PTAMS 0x00000000d0400000 NTAMS 0x00000000d0400000 space 1024K,   0% used [0x00000000d0400000, 0x00000000d0500000)
AC   0  O    TS     0 PTAMS 0x00000000d0600000 NTAMS 0x00000000d0600000 space 1024K, 100% used [0x00000000d0500000, 0x00000000d0600000)
AC   0  F    TS     0 PTAMS 0x00000000d0600000 NTAMS 0x00000000d0600000 space 1024K,   0% used [0x00000000d0600000, 0x00000000d0700000)
AC   0  F    TS     0 PTAMS 0x00000000d0700000 NTAMS 0x00000000d0700000 space 1024K,   0% used [0x00000000d0700000, 0x00000000d0800000)
AC   0  F    TS     0 PTAMS 0x00000000d0800000 NTAMS 0x00000000d0800000 space 1024K,   0% used [0x00000000d0800000, 0x00000000d0900000)
AC   0  O    TS     0 PTAMS 0x00000000d0a00000 NTAMS 0x00000000d0a00000 space 1024K, 100% used [0x00000000d0900000, 0x00000000d0a00000)
AC   0  F    TS     0 PTAMS 0x00000000d0a00000 NTAMS 0x00000000d0a00000 space 1024K,   0% used [0x00000000d0a00000, 0x00000000d0b00000)
AC   0  O    TS     0 PTAMS 0x00000000d0c00000 NTAMS 0x00000000d0c00000 space 1024K, 100% used [0x00000000d0b00000, 0x00000000d0c00000)
AC   0  F    TS     0 PTAMS 0x00000000d0c00000 NTAMS 0x00000000d0c00000 space 1024K,   0% used [0x00000000d0c00000, 0x00000000d0d00000)
AC   0  F    TS     0 PTAMS 0x00000000d0d00000 NTAMS 0x00000000d0d00000 space 1024K,   0% used [0x00000000d0d00000, 0x00000000d0e00000)
AC   0  F    TS     0 PTAMS 0x00000000d0e00000 NTAMS 0x00000000d0e00000 space 1024K,   0% used [0x00000000d0e00000, 0x00000000d0f00000)
AC   0  F    TS     0 PTAMS 0x00000000d0f00000 NTAMS 0x00000000d0f00000 space 1024K,   0% used [0x00000000d0f00000, 0x00000000d1000000)
AC   0  F    TS     0 PTAMS 0x00000000d1000000 NTAMS 0x00000000d1000000 space 1024K,   0% used [0x00000000d1000000, 0x00000000d1100000)
AC   0  F    TS     0 PTAMS 0x00000000d1100000 NTAMS 0x00000000d1100000 space 1024K,   0% used [0x00000000d1100000, 0x00000000d1200000)
AC   0  F    TS     0 PTAMS 0x00000000d1200000 NTAMS 0x00000000d1200000 space 1024K,   0% used [0x00000000d1200000, 0x00000000d1300000)
AC   0  F    TS     0 PTAMS 0x00000000d1300000 NTAMS 0x00000000d1300000 space 1024K,   0% used [0x00000000d1300000, 0x00000000d1400000)
AC   0  F    TS     0 PTAMS 0x00000000d1400000 NTAMS 0x00000000d1400000 space 1024K,   0% used [0x00000000d1400000, 0x00000000d1500000)
AC   0  O    TS     0 PTAMS 0x00000000d1600000 NTAMS 0x00000000d1600000 space 1024K, 100% used [0x00000000d1500000, 0x00000000d1600000)
AC   0  F    TS     1 PTAMS 0x00000000d1600000 NTAMS 0x00000000d1600000 space 1024K,   0% used [0x00000000d1600000, 0x00000000d1700000)
AC   0  F    TS     1 PTAMS 0x00000000d1700000 NTAMS 0x00000000d1700000 space 1024K,   0% used [0x00000000d1700000, 0x00000000d1800000)
AC   0  F    TS     1 PTAMS 0x00000000d1800000 NTAMS 0x00000000d1800000 space 1024K,   0% used [0x00000000d1800000, 0x00000000d1900000)
AC   0  F    TS     1 PTAMS 0x00000000d1900000 NTAMS 0x00000000d1900000 space 1024K,   0% used [0x00000000d1900000, 0x00000000d1a00000)
AC   0  F    TS     1 PTAMS 0x00000000d1a00000 NTAMS 0x00000000d1a00000 space 1024K,   0% used [0x00000000d1a00000, 0x00000000d1b00000)
AC   0  F    TS     1 PTAMS 0x00000000d1b00000 NTAMS 0x00000000d1b00000 space 1024K,   0% used [0x00000000d1b00000, 0x00000000d1c00000)
AC   0  F    TS     1 PTAMS 0x00000000d1c00000 NTAMS 0x00000000d1c00000 space 1024K,   0% used [0x00000000d1c00000, 0x00000000d1d00000)
AC   0  F    TS     0 PTAMS 0x00000000d1d00000 NTAMS 0x00000000d1d00000 space 1024K,   0% used [0x00000000d1d00000, 0x00000000d1e00000)
AC   0  F    TS     0 PTAMS 0x00000000d1e00000 NTAMS 0x00000000d1e00000 space 1024K,   0% used [0x00000000d1e00000, 0x00000000d1f00000)
AC   0  F    TS     0 PTAMS 0x00000000d1f00000 NTAMS 0x00000000d1f00000 space 1024K,   0% used [0x00000000d1f00000, 0x00000000d2000000)
AC   0  F    TS     0 PTAMS 0x00000000d2000000 NTAMS 0x00000000d2000000 space 1024K,   0% used [0x00000000d2000000, 0x00000000d2100000)
AC   0  F    TS     0 PTAMS 0x00000000d2100000 NTAMS 0x00000000d2100000 space 1024K,   0% used [0x00000000d2100000, 0x00000000d2200000)
AC   0  F    TS     0 PTAMS 0x00000000d2200000 NTAMS 0x00000000d2200000 space 1024K,   0% used [0x00000000d2200000, 0x00000000d2300000)
AC   0  F    TS     0 PTAMS 0x00000000d2300000 NTAMS 0x00000000d2300000 space 1024K,   0% used [0x00000000d2300000, 0x00000000d2400000)
AC   0  F    TS     0 PTAMS 0x00000000d2400000 NTAMS 0x00000000d2400000 space 1024K,   0% used [0x00000000d2400000, 0x00000000d2500000)
AC   0  F    TS     0 PTAMS 0x00000000d2500000 NTAMS 0x00000000d2500000 space 1024K,   0% used [0x00000000d2500000, 0x00000000d2600000)
AC   0  F    TS     0 PTAMS 0x00000000d2600000 NTAMS 0x00000000d2600000 space 1024K,   0% used [0x00000000d2600000, 0x00000000d2700000)
AC   0  F    TS     0 PTAMS 0x00000000d2700000 NTAMS 0x00000000d2700000 space 1024K,   0% used [0x00000000d2700000, 0x00000000d2800000)
AC   0  F    TS     0 PTAMS 0x00000000d2800000 NTAMS 0x00000000d2800000 space 1024K,   0% used [0x00000000d2800000, 0x00000000d2900000)
AC   0  F    TS     0 PTAMS 0x00000000d2900000 NTAMS 0x00000000d2900000 space 1024K,   0% used [0x00000000d2900000, 0x00000000d2a00000)
AC   0  F    TS     0 PTAMS 0x00000000d2a00000 NTAMS 0x00000000d2a00000 space 1024K,   0% used [0x00000000d2a00000, 0x00000000d2b00000)
AC   0  F    TS     0 PTAMS 0x00000000d2b00000 NTAMS 0x00000000d2b00000 space 1024K,   0% used [0x00000000d2b00000, 0x00000000d2c00000)
AC   0  F    TS     0 PTAMS 0x00000000d2c00000 NTAMS 0x00000000d2c00000 space 1024K,   0% used [0x00000000d2c00000, 0x00000000d2d00000)
AC   0  F    TS     0 PTAMS 0x00000000d2d00000 NTAMS 0x00000000d2d00000 space 1024K,   0% used [0x00000000d2d00000, 0x00000000d2e00000)
AC   0  F    TS     0 PTAMS 0x00000000d2e00000 NTAMS 0x00000000d2e00000 space 1024K,   0% used [0x00000000d2e00000, 0x00000000d2f00000)
AC   0  F    TS     0 PTAMS 0x00000000d2f00000 NTAMS 0x00000000d2f00000 space 1024K,   0% used [0x00000000d2f00000, 0x00000000d3000000)
AC   0  F    TS     0 PTAMS 0x00000000d3000000 NTAMS 0x00000000d3000000 space 1024K,   0% used [0x00000000d3000000, 0x00000000d3100000)
AC   0  F    TS     0 PTAMS 0x00000000d3100000 NTAMS 0x00000000d3100000 space 1024K,   0% used [0x00000000d3100000, 0x00000000d3200000)
AC   0  F    TS     0 PTAMS 0x00000000d3200000 NTAMS 0x00000000d3200000 space 1024K,   0% used [0x00000000d3200000, 0x00000000d3300000)
AC   0  F    TS     0 PTAMS 0x00000000d3300000 NTAMS 0x00000000d3300000 space 1024K,   0% used [0x00000000d3300000, 0x00000000d3400000)
AC   0  F    TS     0 PTAMS 0x00000000d3400000 NTAMS 0x00000000d3400000 space 1024K,   0% used [0x00000000d3400000, 0x00000000d3500000)
AC   0  F    TS     0 PTAMS 0x00000000d3500000 NTAMS 0x00000000d3500000 space 1024K,   0% used [0x00000000d3500000, 0x00000000d3600000)
AC   0  F    TS     0 PTAMS 0x00000000d3600000 NTAMS 0x00000000d3600000 space 1024K,   0% used [0x00000000d3600000, 0x00000000d3700000)
AC   0  F    TS     0 PTAMS 0x00000000d3700000 NTAMS 0x00000000d3700000 space 1024K,   0% used [0x00000000d3700000, 0x00000000d3800000)
AC   0  F    TS     0 PTAMS 0x00000000d3800000 NTAMS 0x00000000d3800000 space 1024K,   0% used [0x00000000d3800000, 0x00000000d3900000)
AC   0  F    TS     0 PTAMS 0x00000000d3900000 NTAMS 0x00000000d3900000 space 1024K,   0% used [0x00000000d3900000, 0x00000000d3a00000)
AC   0  F    TS     0 PTAMS 0x00000000d3a00000 NTAMS 0x00000000d3a00000 space 1024K,   0% used [0x00000000d3a00000, 0x00000000d3b00000)
AC   0  F    TS     0 PTAMS 0x00000000d3b00000 NTAMS 0x00000000d3b00000 space 1024K,   0% used [0x00000000d3b00000, 0x00000000d3c00000)
AC   0  F    TS     0 PTAMS 0x00000000d3c00000 NTAMS 0x00000000d3c00000 space 1024K,   0% used [0x00000000d3c00000, 0x00000000d3d00000)
AC   0  F    TS     0 PTAMS 0x00000000d3d00000 NTAMS 0x00000000d3d00000 space 1024K,   0% used [0x00000000d3d00000, 0x00000000d3e00000)
AC   0  E    TS     0 PTAMS 0x00000000d3e00000 NTAMS 0x00000000d3e00000 space 1024K,  32% used [0x00000000d3e00000, 0x00000000d3f00000)
AC   0  E CS TS     0 PTAMS 0x00000000d3f00000 NTAMS 0x00000000d3f00000 space 1024K, 100% used [0x00000000d3f00000, 0x00000000d4000000)
AC   0  E CS TS     0 PTAMS 0x00000000d4000000 NTAMS 0x00000000d4000000 space 1024K, 100% used [0x00000000d4000000, 0x00000000d4100000)
AC   0  E CS TS     0 PTAMS 0x00000000d4100000 NTAMS 0x00000000d4100000 space 1024K, 100% used [0x00000000d4100000, 0x00000000d4200000)
AC   0  E CS TS     0 PTAMS 0x00000000d4200000 NTAMS 0x00000000d4200000 space 1024K, 100% used [0x00000000d4200000, 0x00000000d4300000)
AC   0  E CS TS     0 PTAMS 0x00000000d4300000 NTAMS 0x00000000d4300000 space 1024K, 100% used [0x00000000d4300000, 0x00000000d4400000)
AC   0  E CS TS     0 PTAMS 0x00000000d4400000 NTAMS 0x00000000d4400000 space 1024K, 100% used [0x00000000d4400000, 0x00000000d4500000)
AC   0  E CS TS     0 PTAMS 0x00000000d4500000 NTAMS 0x00000000d4500000 space 1024K, 100% used [0x00000000d4500000, 0x00000000d4600000)
AC   0  E CS TS     0 PTAMS 0x00000000d4600000 NTAMS 0x00000000d4600000 space 1024K, 100% used [0x00000000d4600000, 0x00000000d4700000)
AC   0  E CS TS     0 PTAMS 0x00000000d4700000 NTAMS 0x00000000d4700000 space 1024K, 100% used [0x00000000d4700000, 0x00000000d4800000)
AC   0  E CS TS     0 PTAMS 0x00000000d4800000 NTAMS 0x00000000d4800000 space 1024K, 100% used [0x00000000d4800000, 0x00000000d4900000)
AC   0  E CS TS     0 PTAMS 0x00000000d4900000 NTAMS 0x00000000d4900000 space 1024K, 100% used [0x00000000d4900000, 0x00000000d4a00000)
AC   0  E CS TS     0 PTAMS 0x00000000d4a00000 NTAMS 0x00000000d4a00000 space 1024K, 100% used [0x00000000d4a00000, 0x00000000d4b00000)
AC   0  E CS TS     0 PTAMS 0x00000000d4b00000 NTAMS 0x00000000d4b00000 space 1024K, 100% used [0x00000000d4b00000, 0x00000000d4c00000)
AC   0  E CS TS     0 PTAMS 0x00000000d4c00000 NTAMS 0x00000000d4c00000 space 1024K, 100% used [0x00000000d4c00000, 0x00000000d4d00000)
AC   0  E CS TS     0 PTAMS 0x00000000d4d00000 NTAMS 0x00000000d4d00000 space 1024K, 100% used [0x00000000d4d00000, 0x00000000d4e00000)
AC   0  E CS TS     0 PTAMS 0x00000000d4e00000 NTAMS 0x00000000d4e00000 space 1024K, 100% used [0x00000000d4e00000, 0x00000000d4f00000)
AC   0  E CS TS     0 PTAMS 0x00000000d4f00000 NTAMS 0x00000000d4f00000 space 1024K, 100% used [0x00000000d4f00000, 0x00000000d5000000)
AC   0  E CS TS     0 PTAMS 0x00000000d5000000 NTAMS 0x00000000d5000000 space 1024K, 100% used [0x00000000d5000000, 0x00000000d5100000)
AC   0  E CS TS     0 PTAMS 0x00000000d5100000 NTAMS 0x00000000d5100000 space 1024K, 100% used [0x00000000d5100000, 0x00000000d5200000)
AC   0  E CS TS     0 PTAMS 0x00000000d5200000 NTAMS 0x00000000d5200000 space 1024K, 100% used [0x00000000d5200000, 0x00000000d5300000)
AC   0  E CS TS     0 PTAMS 0x00000000d5300000 NTAMS 0x00000000d5300000 space 1024K, 100% used [0x00000000d5300000, 0x00000000d5400000)
AC   0  E CS TS     0 PTAMS 0x00000000d5400000 NTAMS 0x00000000d5400000 space 1024K, 100% used [0x00000000d5400000, 0x00000000d5500000)
AC   0  E CS TS     0 PTAMS 0x00000000d5500000 NTAMS 0x00000000d5500000 space 1024K, 100% used [0x00000000d5500000, 0x00000000d5600000)
AC   0  E CS TS     0 PTAMS 0x00000000d5600000 NTAMS 0x00000000d5600000 space 1024K, 100% used [0x00000000d5600000, 0x00000000d5700000)
AC   0  E CS TS     0 PTAMS 0x00000000d5700000 NTAMS 0x00000000d5700000 space 1024K, 100% used [0x00000000d5700000, 0x00000000d5800000)
AC   0  E CS TS     0 PTAMS 0x00000000d5800000 NTAMS 0x00000000d5800000 space 1024K, 100% used [0x00000000d5800000, 0x00000000d5900000)
AC   0  E CS TS     0 PTAMS 0x00000000d5900000 NTAMS 0x00000000d5900000 space 1024K, 100% used [0x00000000d5900000, 0x00000000d5a00000)
AC   0  E CS TS     0 PTAMS 0x00000000d5a00000 NTAMS 0x00000000d5a00000 space 1024K, 100% used [0x00000000d5a00000, 0x00000000d5b00000)
AC   0  E CS TS     0 PTAMS 0x00000000d5b00000 NTAMS 0x00000000d5b00000 space 1024K, 100% used [0x00000000d5b00000, 0x00000000d5c00000)
AC   0  E CS TS     0 PTAMS 0x00000000d5c00000 NTAMS 0x00000000d5c00000 space 1024K, 100% used [0x00000000d5c00000, 0x00000000d5d00000)
AC   0  E CS TS     0 PTAMS 0x00000000d5d00000 NTAMS 0x00000000d5d00000 space 1024K, 100% used [0x00000000d5d00000, 0x00000000d5e00000)
AC   0  E CS TS     0 PTAMS 0x00000000d5e00000 NTAMS 0x00000000d5e00000 space 1024K, 100% used [0x00000000d5e00000, 0x00000000d5f00000)
AC   0  E CS TS     0 PTAMS 0x00000000d5f00000 NTAMS 0x00000000d5f00000 space 1024K, 100% used [0x00000000d5f00000, 0x00000000d6000000)
AC   0  E CS TS     0 PTAMS 0x00000000d6000000 NTAMS 0x00000000d6000000 space 1024K, 100% used [0x00000000d6000000, 0x00000000d6100000)
AC   0  E CS TS     0 PTAMS 0x00000000d6100000 NTAMS 0x00000000d6100000 space 1024K, 100% used [0x00000000d6100000, 0x00000000d6200000)
AC   0  E CS TS     0 PTAMS 0x00000000d6200000 NTAMS 0x00000000d6200000 space 1024K, 100% used [0x00000000d6200000, 0x00000000d6300000)
AC   0  E CS TS     0 PTAMS 0x00000000d6300000 NTAMS 0x00000000d6300000 space 1024K, 100% used [0x00000000d6300000, 0x00000000d6400000)
AC   0  E CS TS     0 PTAMS 0x00000000d6400000 NTAMS 0x00000000d6400000 space 1024K, 100% used [0x00000000d6400000, 0x00000000d6500000)
AC   0  E CS TS     0 PTAMS 0x00000000d6500000 NTAMS 0x00000000d6500000 space 1024K, 100% used [0x00000000d6500000, 0x00000000d6600000)
AC   0  E CS TS     0 PTAMS 0x00000000d6600000 NTAMS 0x00000000d6600000 space 1024K, 100% used [0x00000000d6600000, 0x00000000d6700000)
AC   0  E CS TS     0 PTAMS 0x00000000d6700000 NTAMS 0x00000000d6700000 space 1024K, 100% used [0x00000000d6700000, 0x00000000d6800000)
AC   0  E CS TS     0 PTAMS 0x00000000d6800000 NTAMS 0x00000000d6800000 space 1024K, 100% used [0x00000000d6800000, 0x00000000d6900000)
AC   0  E CS TS     0 PTAMS 0x00000000d6900000 NTAMS 0x00000000d6900000 space 1024K, 100% used [0x00000000d6900000, 0x00000000d6a00000)
AC   0  E CS TS     0 PTAMS 0x00000000d6a00000 NTAMS 0x00000000d6a00000 space 1024K, 100% used [0x00000000d6a00000, 0x00000000d6b00000)
AC   0  E CS TS     0 PTAMS 0x00000000d6b00000 NTAMS 0x00000000d6b00000 space 1024K, 100% used [0x00000000d6b00000, 0x00000000d6c00000)
AC   0  E CS TS     0 PTAMS 0x00000000d6c00000 NTAMS 0x00000000d6c00000 space 1024K, 100% used [0x00000000d6c00000, 0x00000000d6d00000)
AC   0  E CS TS     0 PTAMS 0x00000000d6d00000 NTAMS 0x00000000d6d00000 space 1024K, 100% used [0x00000000d6d00000, 0x00000000d6e00000)
AC   0  E CS TS     0 PTAMS 0x00000000d6e00000 NTAMS 0x00000000d6e00000 space 1024K, 100% used [0x00000000d6e00000, 0x00000000d6f00000)
AC   0  E CS TS     0 PTAMS 0x00000000d6f00000 NTAMS 0x00000000d6f00000 space 1024K, 100% used [0x00000000d6f00000, 0x00000000d7000000)
AC   0  E CS TS     0 PTAMS 0x00000000d7000000 NTAMS 0x00000000d7000000 space 1024K, 100% used [0x00000000d7000000, 0x00000000d7100000)
AC   0  E CS TS     0 PTAMS 0x00000000d7100000 NTAMS 0x00000000d7100000 space 1024K, 100% used [0x00000000d7100000, 0x00000000d7200000)
AC   0  E CS TS     0 PTAMS 0x00000000d7200000 NTAMS 0x00000000d7200000 space 1024K, 100% used [0x00000000d7200000, 0x00000000d7300000)
AC   0  E CS TS     0 PTAMS 0x00000000d7300000 NTAMS 0x00000000d7300000 space 1024K, 100% used [0x00000000d7300000, 0x00000000d7400000)
AC   0  E CS TS     0 PTAMS 0x00000000d7400000 NTAMS 0x00000000d7400000 space 1024K, 100% used [0x00000000d7400000, 0x00000000d7500000)
AC   0  E CS TS     0 PTAMS 0x00000000d7500000 NTAMS 0x00000000d7500000 space 1024K, 100% used [0x00000000d7500000, 0x00000000d7600000)
AC   0  E CS TS     0 PTAMS 0x00000000d7600000 NTAMS 0x00000000d7600000 space 1024K, 100% used [0x00000000d7600000, 0x00000000d7700000)
AC   0  E CS TS     0 PTAMS 0x00000000d7700000 NTAMS 0x00000000d7700000 space 1024K, 100% used [0x00000000d7700000, 0x00000000d7800000)
AC   0  E CS TS     0 PTAMS 0x00000000d7800000 NTAMS 0x00000000d7800000 space 1024K, 100% used [0x00000000d7800000, 0x00000000d7900000)
AC   0  E CS TS     0 PTAMS 0x00000000d7900000 NTAMS 0x00000000d7900000 space 1024K, 100% used [0x00000000d7900000, 0x00000000d7a00000)
AC   0  E CS TS     0 PTAMS 0x00000000d7a00000 NTAMS 0x00000000d7a00000 space 1024K, 100% used [0x00000000d7a00000, 0x00000000d7b00000)
AC   0  E CS TS     0 PTAMS 0x00000000d7b00000 NTAMS 0x00000000d7b00000 space 1024K, 100% used [0x00000000d7b00000, 0x00000000d7c00000)
AC   0  E CS TS     0 PTAMS 0x00000000d7c00000 NTAMS 0x00000000d7c00000 space 1024K, 100% used [0x00000000d7c00000, 0x00000000d7d00000)
AC   0  E CS TS     0 PTAMS 0x00000000d7d00000 NTAMS 0x00000000d7d00000 space 1024K, 100% used [0x00000000d7d00000, 0x00000000d7e00000)
AC   0  E CS TS     0 PTAMS 0x00000000d7e00000 NTAMS 0x00000000d7e00000 space 1024K, 100% used [0x00000000d7e00000, 0x00000000d7f00000)
AC   0  E CS TS     0 PTAMS 0x00000000d7f00000 NTAMS 0x00000000d7f00000 space 1024K, 100% used [0x00000000d7f00000, 0x00000000d8000000)
AC   0  E CS TS     0 PTAMS 0x00000000d8000000 NTAMS 0x00000000d8000000 space 1024K, 100% used [0x00000000d8000000, 0x00000000d8100000)
AC   0  E CS TS     0 PTAMS 0x00000000d8100000 NTAMS 0x00000000d8100000 space 1024K, 100% used [0x00000000d8100000, 0x00000000d8200000)
AC   0  E CS TS     0 PTAMS 0x00000000d8200000 NTAMS 0x00000000d8200000 space 1024K, 100% used [0x00000000d8200000, 0x00000000d8300000)
AC   0  E CS TS     0 PTAMS 0x00000000d8300000 NTAMS 0x00000000d8300000 space 1024K, 100% used [0x00000000d8300000, 0x00000000d8400000)
AC   0  E CS TS     0 PTAMS 0x00000000d8400000 NTAMS 0x00000000d8400000 space 1024K, 100% used [0x00000000d8400000, 0x00000000d8500000)
AC   0  E CS TS     0 PTAMS 0x00000000d8500000 NTAMS 0x00000000d8500000 space 1024K, 100% used [0x00000000d8500000, 0x00000000d8600000)
AC   0  E CS TS     0 PTAMS 0x00000000d8600000 NTAMS 0x00000000d8600000 space 1024K, 100% used [0x00000000d8600000, 0x00000000d8700000)
AC   0  E CS TS     0 PTAMS 0x00000000d8700000 NTAMS 0x00000000d8700000 space 1024K, 100% used [0x00000000d8700000, 0x00000000d8800000)
AC   0  E CS TS     0 PTAMS 0x00000000d8800000 NTAMS 0x00000000d8800000 space 1024K, 100% used [0x00000000d8800000, 0x00000000d8900000)
AC   0  E CS TS     0 PTAMS 0x00000000d8900000 NTAMS 0x00000000d8900000 space 1024K, 100% used [0x00000000d8900000, 0x00000000d8a00000)
AC   0  E CS TS     0 PTAMS 0x00000000d8a00000 NTAMS 0x00000000d8a00000 space 1024K, 100% used [0x00000000d8a00000, 0x00000000d8b00000)
AC   0  E CS TS     0 PTAMS 0x00000000d8b00000 NTAMS 0x00000000d8b00000 space 1024K, 100% used [0x00000000d8b00000, 0x00000000d8c00000)
AC   0  E CS TS     0 PTAMS 0x00000000d8c00000 NTAMS 0x00000000d8c00000 space 1024K, 100% used [0x00000000d8c00000, 0x00000000d8d00000)
AC   0  E CS TS     0 PTAMS 0x00000000d8d00000 NTAMS 0x00000000d8d00000 space 1024K, 100% used [0x00000000d8d00000, 0x00000000d8e00000)
AC   0  E CS TS     0 PTAMS 0x00000000d8e00000 NTAMS 0x00000000d8e00000 space 1024K, 100% used [0x00000000d8e00000, 0x00000000d8f00000)
AC   0  E CS TS     0 PTAMS 0x00000000d8f00000 NTAMS 0x00000000d8f00000 space 1024K, 100% used [0x00000000d8f00000, 0x00000000d9000000)
AC   0  E CS TS     0 PTAMS 0x00000000d9000000 NTAMS 0x00000000d9000000 space 1024K, 100% used [0x00000000d9000000, 0x00000000d9100000)
AC   0  E CS TS     0 PTAMS 0x00000000d9100000 NTAMS 0x00000000d9100000 space 1024K, 100% used [0x00000000d9100000, 0x00000000d9200000)
AC   0  E CS TS     0 PTAMS 0x00000000d9200000 NTAMS 0x00000000d9200000 space 1024K, 100% used [0x00000000d9200000, 0x00000000d9300000)
AC   0  E CS TS     0 PTAMS 0x00000000d9300000 NTAMS 0x00000000d9300000 space 1024K, 100% used [0x00000000d9300000, 0x00000000d9400000)
AC   0  E CS TS     0 PTAMS 0x00000000d9400000 NTAMS 0x00000000d9400000 space 1024K, 100% used [0x00000000d9400000, 0x00000000d9500000)
AC   0  E CS TS     0 PTAMS 0x00000000d9500000 NTAMS 0x00000000d9500000 space 1024K, 100% used [0x00000000d9500000, 0x00000000d9600000)
AC   0  E CS TS     0 PTAMS 0x00000000d9600000 NTAMS 0x00000000d9600000 space 1024K, 100% used [0x00000000d9600000, 0x00000000d9700000)
AC   0  E CS TS     0 PTAMS 0x00000000d9700000 NTAMS 0x00000000d9700000 space 1024K, 100% used [0x00000000d9700000, 0x00000000d9800000)
AC   0  E CS TS     0 PTAMS 0x00000000d9800000 NTAMS 0x00000000d9800000 space 1024K, 100% used [0x00000000d9800000, 0x00000000d9900000)
AC   0  E CS TS     0 PTAMS 0x00000000d9900000 NTAMS 0x00000000d9900000 space 1024K, 100% used [0x00000000d9900000, 0x00000000d9a00000)
AC   0  E CS TS     0 PTAMS 0x00000000d9a00000 NTAMS 0x00000000d9a00000 space 1024K, 100% used [0x00000000d9a00000, 0x00000000d9b00000)
AC   0  E CS TS     0 PTAMS 0x00000000d9b00000 NTAMS 0x00000000d9b00000 space 1024K, 100% used [0x00000000d9b00000, 0x00000000d9c00000)
AC   0  E CS TS     0 PTAMS 0x00000000d9c00000 NTAMS 0x00000000d9c00000 space 1024K, 100% used [0x00000000d9c00000, 0x00000000d9d00000)
AC   0  E CS TS     0 PTAMS 0x00000000d9d00000 NTAMS 0x00000000d9d00000 space 1024K, 100% used [0x00000000d9d00000, 0x00000000d9e00000)
AC   0  E CS TS     0 PTAMS 0x00000000d9e00000 NTAMS 0x00000000d9e00000 space 1024K, 100% used [0x00000000d9e00000, 0x00000000d9f00000)
AC   0  E CS TS     0 PTAMS 0x00000000d9f00000 NTAMS 0x00000000d9f00000 space 1024K, 100% used [0x00000000d9f00000, 0x00000000da000000)
AC   0  E CS TS     0 PTAMS 0x00000000da000000 NTAMS 0x00000000da000000 space 1024K, 100% used [0x00000000da000000, 0x00000000da100000)
AC   0  E CS TS     0 PTAMS 0x00000000da100000 NTAMS 0x00000000da100000 space 1024K, 100% used [0x00000000da100000, 0x00000000da200000)
AC   0  E CS TS     0 PTAMS 0x00000000da200000 NTAMS 0x00000000da200000 space 1024K, 100% used [0x00000000da200000, 0x00000000da300000)
AC   0  E CS TS     0 PTAMS 0x00000000da300000 NTAMS 0x00000000da300000 space 1024K, 100% used [0x00000000da300000, 0x00000000da400000)
AC   0  E CS TS     0 PTAMS 0x00000000da400000 NTAMS 0x00000000da400000 space 1024K, 100% used [0x00000000da400000, 0x00000000da500000)
AC   0  E CS TS     0 PTAMS 0x00000000da500000 NTAMS 0x00000000da500000 space 1024K, 100% used [0x00000000da500000, 0x00000000da600000)
AC   0  E CS TS     0 PTAMS 0x00000000da600000 NTAMS 0x00000000da600000 space 1024K, 100% used [0x00000000da600000, 0x00000000da700000)
AC   0  E CS TS     0 PTAMS 0x00000000da700000 NTAMS 0x00000000da700000 space 1024K, 100% used [0x00000000da700000, 0x00000000da800000)
AC   0  E CS TS     0 PTAMS 0x00000000da800000 NTAMS 0x00000000da800000 space 1024K, 100% used [0x00000000da800000, 0x00000000da900000)
AC   0  E CS TS     0 PTAMS 0x00000000da900000 NTAMS 0x00000000da900000 space 1024K, 100% used [0x00000000da900000, 0x00000000daa00000)
AC   0  E CS TS     0 PTAMS 0x00000000daa00000 NTAMS 0x00000000daa00000 space 1024K, 100% used [0x00000000daa00000, 0x00000000dab00000)
AC   0  E CS TS     0 PTAMS 0x00000000dab00000 NTAMS 0x00000000dab00000 space 1024K, 100% used [0x00000000dab00000, 0x00000000dac00000)
AC   0  E CS TS     0 PTAMS 0x00000000dac00000 NTAMS 0x00000000dac00000 space 1024K, 100% used [0x00000000dac00000, 0x00000000dad00000)
AC   0  E CS TS     0 PTAMS 0x00000000dad00000 NTAMS 0x00000000dad00000 space 1024K, 100% used [0x00000000dad00000, 0x00000000dae00000)
AC   0  E CS TS     0 PTAMS 0x00000000dae00000 NTAMS 0x00000000dae00000 space 1024K, 100% used [0x00000000dae00000, 0x00000000daf00000)
AC   0  E CS TS     0 PTAMS 0x00000000daf00000 NTAMS 0x00000000daf00000 space 1024K, 100% used [0x00000000daf00000, 0x00000000db000000)
AC   0  E CS TS     0 PTAMS 0x00000000db000000 NTAMS 0x00000000db000000 space 1024K, 100% used [0x00000000db000000, 0x00000000db100000)
AC   0  E CS TS     0 PTAMS 0x00000000db100000 NTAMS 0x00000000db100000 space 1024K, 100% used [0x00000000db100000, 0x00000000db200000)
AC   0  E CS TS     0 PTAMS 0x00000000db200000 NTAMS 0x00000000db200000 space 1024K, 100% used [0x00000000db200000, 0x00000000db300000)
AC   0  E CS TS     0 PTAMS 0x00000000db300000 NTAMS 0x00000000db300000 space 1024K, 100% used [0x00000000db300000, 0x00000000db400000)
AC   0  E CS TS     0 PTAMS 0x00000000db400000 NTAMS 0x00000000db400000 space 1024K, 100% used [0x00000000db400000, 0x00000000db500000)
AC   0  E CS TS     0 PTAMS 0x00000000db500000 NTAMS 0x00000000db500000 space 1024K, 100% used [0x00000000db500000, 0x00000000db600000)
AC   0  E CS TS     0 PTAMS 0x00000000db600000 NTAMS 0x00000000db600000 space 1024K, 100% used [0x00000000db600000, 0x00000000db700000)
AC   0  E CS TS     0 PTAMS 0x00000000db700000 NTAMS 0x00000000db700000 space 1024K, 100% used [0x00000000db700000, 0x00000000db800000)
AC   0  E CS TS     0 PTAMS 0x00000000db800000 NTAMS 0x00000000db800000 space 1024K, 100% used [0x00000000db800000, 0x00000000db900000)
AC   0  E CS TS     0 PTAMS 0x00000000db900000 NTAMS 0x00000000db900000 space 1024K, 100% used [0x00000000db900000, 0x00000000dba00000)
AC   0  E CS TS     0 PTAMS 0x00000000dba00000 NTAMS 0x00000000dba00000 space 1024K, 100% used [0x00000000dba00000, 0x00000000dbb00000)
AC   0  E CS TS     0 PTAMS 0x00000000dbb00000 NTAMS 0x00000000dbb00000 space 1024K, 100% used [0x00000000dbb00000, 0x00000000dbc00000)
AC   0  E CS TS     0 PTAMS 0x00000000dbc00000 NTAMS 0x00000000dbc00000 space 1024K, 100% used [0x00000000dbc00000, 0x00000000dbd00000)
AC   0  E CS TS     0 PTAMS 0x00000000dbd00000 NTAMS 0x00000000dbd00000 space 1024K, 100% used [0x00000000dbd00000, 0x00000000dbe00000)
AC   0  E CS TS     0 PTAMS 0x00000000dbe00000 NTAMS 0x00000000dbe00000 space 1024K, 100% used [0x00000000dbe00000, 0x00000000dbf00000)
AC   0  E CS TS     0 PTAMS 0x00000000dbf00000 NTAMS 0x00000000dbf00000 space 1024K, 100% used [0x00000000dbf00000, 0x00000000dc000000)
AC   0  E CS TS     0 PTAMS 0x00000000dc000000 NTAMS 0x00000000dc000000 space 1024K, 100% used [0x00000000dc000000, 0x00000000dc100000)
AC   0  E CS TS     0 PTAMS 0x00000000dc100000 NTAMS 0x00000000dc100000 space 1024K, 100% used [0x00000000dc100000, 0x00000000dc200000)
AC   0  E CS TS     0 PTAMS 0x00000000dc200000 NTAMS 0x00000000dc200000 space 1024K, 100% used [0x00000000dc200000, 0x00000000dc300000)
AC   0  E CS TS     0 PTAMS 0x00000000dc300000 NTAMS 0x00000000dc300000 space 1024K, 100% used [0x00000000dc300000, 0x00000000dc400000)
AC   0  E CS TS     0 PTAMS 0x00000000dc400000 NTAMS 0x00000000dc400000 space 1024K, 100% used [0x00000000dc400000, 0x00000000dc500000)
AC   0  E CS TS     0 PTAMS 0x00000000dc500000 NTAMS 0x00000000dc500000 space 1024K, 100% used [0x00000000dc500000, 0x00000000dc600000)
AC   0  E CS TS     0 PTAMS 0x00000000dc600000 NTAMS 0x00000000dc600000 space 1024K, 100% used [0x00000000dc600000, 0x00000000dc700000)
AC   0  E CS TS     0 PTAMS 0x00000000dc700000 NTAMS 0x00000000dc700000 space 1024K, 100% used [0x00000000dc700000, 0x00000000dc800000)
AC   0  E CS TS     0 PTAMS 0x00000000dc800000 NTAMS 0x00000000dc800000 space 1024K, 100% used [0x00000000dc800000, 0x00000000dc900000)
AC   0  E CS TS     0 PTAMS 0x00000000dc900000 NTAMS 0x00000000dc900000 space 1024K, 100% used [0x00000000dc900000, 0x00000000dca00000)
AC   0  E CS TS     5 PTAMS 0x00000000dca00000 NTAMS 0x00000000dca00000 space 1024K, 100% used [0x00000000dca00000, 0x00000000dcb00000)
AC   0  E CS TS     5 PTAMS 0x00000000dcb00000 NTAMS 0x00000000dcb00000 space 1024K, 100% used [0x00000000dcb00000, 0x00000000dcc00000)
AC   0  E CS TS     0 PTAMS 0x00000000dcc00000 NTAMS 0x00000000dcc00000 space 1024K, 100% used [0x00000000dcc00000, 0x00000000dcd00000)
AC   0  E CS TS     0 PTAMS 0x00000000dcd00000 NTAMS 0x00000000dcd00000 space 1024K, 100% used [0x00000000dcd00000, 0x00000000dce00000)
AC   0  E CS TS     0 PTAMS 0x00000000dce00000 NTAMS 0x00000000dce00000 space 1024K, 100% used [0x00000000dce00000, 0x00000000dcf00000)
AC   0  E CS TS     0 PTAMS 0x00000000dcf00000 NTAMS 0x00000000dcf00000 space 1024K, 100% used [0x00000000dcf00000, 0x00000000dd000000)
AC   0  E CS TS     0 PTAMS 0x00000000dd000000 NTAMS 0x00000000dd000000 space 1024K, 100% used [0x00000000dd000000, 0x00000000dd100000)
AC   0  E CS TS     3 PTAMS 0x00000000dd100000 NTAMS 0x00000000dd100000 space 1024K, 100% used [0x00000000dd100000, 0x00000000dd200000)
AC   0  E CS TS     3 PTAMS 0x00000000dd200000 NTAMS 0x00000000dd200000 space 1024K, 100% used [0x00000000dd200000, 0x00000000dd300000)
AC   0  E CS TS     0 PTAMS 0x00000000dd300000 NTAMS 0x00000000dd300000 space 1024K, 100% used [0x00000000dd300000, 0x00000000dd400000)
AC   0  E CS TS     0 PTAMS 0x00000000dd400000 NTAMS 0x00000000dd400000 space 1024K, 100% used [0x00000000dd400000, 0x00000000dd500000)
AC   0  E CS TS     0 PTAMS 0x00000000dd500000 NTAMS 0x00000000dd500000 space 1024K, 100% used [0x00000000dd500000, 0x00000000dd600000)
AC   0  E CS TS     0 PTAMS 0x00000000dd600000 NTAMS 0x00000000dd600000 space 1024K, 100% used [0x00000000dd600000, 0x00000000dd700000)
AC   0  E CS TS     0 PTAMS 0x00000000dd700000 NTAMS 0x00000000dd700000 space 1024K, 100% used [0x00000000dd700000, 0x00000000dd800000)
AC   0  E CS TS     0 PTAMS 0x00000000dd800000 NTAMS 0x00000000dd800000 space 1024K, 100% used [0x00000000dd800000, 0x00000000dd900000)
AC   0  E CS TS     0 PTAMS 0x00000000dd900000 NTAMS 0x00000000dd900000 space 1024K, 100% used [0x00000000dd900000, 0x00000000dda00000)
AC   0  E CS TS     0 PTAMS 0x00000000dda00000 NTAMS 0x00000000dda00000 space 1024K, 100% used [0x00000000dda00000, 0x00000000ddb00000)
AC   0  E CS TS     0 PTAMS 0x00000000ddb00000 NTAMS 0x00000000ddb00000 space 1024K, 100% used [0x00000000ddb00000, 0x00000000ddc00000)
AC   0  E CS TS     0 PTAMS 0x00000000ddc00000 NTAMS 0x00000000ddc00000 space 1024K, 100% used [0x00000000ddc00000, 0x00000000ddd00000)
AC   0  E CS TS     0 PTAMS 0x00000000ddd00000 NTAMS 0x00000000ddd00000 space 1024K, 100% used [0x00000000ddd00000, 0x00000000dde00000)
AC   0  E CS TS     0 PTAMS 0x00000000dde00000 NTAMS 0x00000000dde00000 space 1024K, 100% used [0x00000000dde00000, 0x00000000ddf00000)
AC   0  E CS TS     0 PTAMS 0x00000000ddf00000 NTAMS 0x00000000ddf00000 space 1024K, 100% used [0x00000000ddf00000, 0x00000000de000000)
AC   0  E CS TS     0 PTAMS 0x00000000de000000 NTAMS 0x00000000de000000 space 1024K, 100% used [0x00000000de000000, 0x00000000de100000)
AC   0  E CS TS     0 PTAMS 0x00000000de100000 NTAMS 0x00000000de100000 space 1024K, 100% used [0x00000000de100000, 0x00000000de200000)
AC   0  E CS TS     0 PTAMS 0x00000000de200000 NTAMS 0x00000000de200000 space 1024K, 100% used [0x00000000de200000, 0x00000000de300000)
AC   0  E CS TS     0 PTAMS 0x00000000de300000 NTAMS 0x00000000de300000 space 1024K, 100% used [0x00000000de300000, 0x00000000de400000)

Card table byte_map: [0x0000000012ea0000,0x00000000130a0000] byte_map_base: 0x00000000128a0000

Marking Bits (Prev, Next): (CMBitMap*) 0x0000000002ef1f60, (CMBitMap*) 0x0000000002ef1f08
 Prev Bits: [0x00000000142a0000, 0x00000000152a0000)
 Next Bits: [0x00000000132a0000, 0x00000000142a0000)

Polling page: 0x00000000007b0000

CodeCache: size=245760Kb used=85872Kb max_used=85872Kb free=159887Kb
 bounds [0x0000000002fc0000, 0x0000000008440000, 0x0000000011fc0000]
 total_blobs=20206 nmethods=19497 adapters=610
 compilation: enabled

Compilation events (10 events):
Event: 20957.657 Thread 0x00000000182d4800 29271       3       org.eclipse.jdt.internal.debug.eval.ast.engine.SourceBasedSourceGenerator::visit (11 bytes)
Event: 20957.658 Thread 0x00000000182d4800 nmethod 29271 0x000000000822ef10 code [0x000000000822f060, 0x000000000822f230]
Event: 20957.659 Thread 0x00000000182d4000 nmethod 29270 0x0000000007ca5610 code [0x0000000007ca5760, 0x0000000007ca58b8]
Event: 20957.664 Thread 0x00000000182d4800 29272       3       org.eclipse.jdt.internal.compiler.lookup.CompilationUnitScope::problemReporter (18 bytes)
Event: 20957.664 Thread 0x00000000182d4800 nmethod 29272 0x0000000007ca5190 code [0x0000000007ca5300, 0x0000000007ca54b0]
Event: 20957.666 Thread 0x00000000182d4000 29273       4       org.eclipse.jdt.internal.compiler.lookup.MethodVerifier15::checkMethods (1161 bytes)
Event: 20957.735 Thread 0x00000000182d4800 29275 % !   3       org.eclipse.jdt.internal.compiler.ast.TypeDeclaration::resolve @ 1578 (1662 bytes)
Event: 20957.752 Thread 0x00000000182d4800 nmethod 29275% 0x000000000834af50 code [0x000000000834bc40, 0x0000000008357598]
Event: 20957.753 Thread 0x00000000182d4800 29276   !   3       org.eclipse.jdt.internal.compiler.ast.TypeDeclaration::resolve (1662 bytes)
Event: 20957.771 Thread 0x00000000182d4800 nmethod 29276 0x00000000084283d0 code [0x00000000084290a0, 0x0000000008433ab8]

GC Heap History (10 events):
Event: 20716.518 GC heap before
{Heap before GC invocations=333 (full 0):
 garbage-first heap   total 495616K, used 431622K [0x00000000c0000000, 0x00000000c0100f20, 0x0000000100000000)
  region size 1024K, 265 young (271360K), 7 survivors (7168K)
 Metaspace       used 77354K, capacity 81636K, committed 82044K, reserved 1122304K
  class space    used 7245K, capacity 8476K, committed 8572K, reserved 1048576K
Event: 20716.556 GC heap after
Heap after GC invocations=334 (full 0):
 garbage-first heap   total 495616K, used 176134K [0x00000000c0000000, 0x00000000c0100f20, 0x0000000100000000)
  region size 1024K, 15 young (15360K), 15 survivors (15360K)
 Metaspace       used 77354K, capacity 81636K, committed 82044K, reserved 1122304K
  class space    used 7245K, capacity 8476K, committed 8572K, reserved 1048576K
}
Event: 20806.736 GC heap before
{Heap before GC invocations=334 (full 0):
 garbage-first heap   total 495616K, used 430718K [0x00000000c0000000, 0x00000000c0100f20, 0x0000000100000000)
  region size 1024K, 262 young (268288K), 15 survivors (15360K)
 Metaspace       used 78561K, capacity 82986K, committed 83324K, reserved 1124352K
  class space    used 7438K, capacity 8741K, committed 8828K, reserved 1048576K
Event: 20806.765 GC heap after
Heap after GC invocations=335 (full 0):
 garbage-first heap   total 495616K, used 175622K [0x00000000c0000000, 0x00000000c0100f20, 0x0000000100000000)
  region size 1024K, 15 young (15360K), 15 survivors (15360K)
 Metaspace       used 78561K, capacity 82986K, committed 83324K, reserved 1124352K
  class space    used 7438K, capacity 8741K, committed 8828K, reserved 1048576K
}
Event: 20849.847 GC heap before
{Heap before GC invocations=335 (full 0):
 garbage-first heap   total 495616K, used 428550K [0x00000000c0000000, 0x00000000c0100f20, 0x0000000100000000)
  region size 1024K, 262 young (268288K), 15 survivors (15360K)
 Metaspace       used 79669K, capacity 84078K, committed 84220K, reserved 1124352K
  class space    used 7571K, capacity 8833K, committed 8956K, reserved 1048576K
Event: 20849.888 GC heap after
Heap after GC invocations=336 (full 0):
 garbage-first heap   total 495616K, used 178694K [0x00000000c0000000, 0x00000000c0100f20, 0x0000000100000000)
  region size 1024K, 18 young (18432K), 18 survivors (18432K)
 Metaspace       used 79669K, capacity 84078K, committed 84220K, reserved 1124352K
  class space    used 7571K, capacity 8833K, committed 8956K, reserved 1048576K
}
Event: 20905.804 GC heap before
{Heap before GC invocations=336 (full 0):
 garbage-first heap   total 495616K, used 427134K [0x00000000c0000000, 0x00000000c0100f20, 0x0000000100000000)
  region size 1024K, 259 young (265216K), 18 survivors (18432K)
 Metaspace       used 79883K, capacity 84318K, committed 84476K, reserved 1124352K
  class space    used 7589K, capacity 8843K, committed 8956K, reserved 1048576K
Event: 20905.848 GC heap after
Heap after GC invocations=337 (full 0):
 garbage-first heap   total 495616K, used 177158K [0x00000000c0000000, 0x00000000c0100f20, 0x0000000100000000)
  region size 1024K, 16 young (16384K), 16 survivors (16384K)
 Metaspace       used 79883K, capacity 84318K, committed 84476K, reserved 1124352K
  class space    used 7589K, capacity 8843K, committed 8956K, reserved 1048576K
}
Event: 20939.689 GC heap before
{Heap before GC invocations=337 (full 0):
 garbage-first heap   total 495616K, used 428038K [0x00000000c0000000, 0x00000000c0100f20, 0x0000000100000000)
  region size 1024K, 261 young (267264K), 16 survivors (16384K)
 Metaspace       used 79985K, capacity 84540K, committed 84732K, reserved 1124352K
  class space    used 7593K, capacity 8844K, committed 8956K, reserved 1048576K
Event: 20939.723 GC heap after
Heap after GC invocations=338 (full 0):
 garbage-first heap   total 495616K, used 179200K [0x00000000c0000000, 0x00000000c0100f20, 0x0000000100000000)
  region size 1024K, 19 young (19456K), 19 survivors (19456K)
 Metaspace       used 79985K, capacity 84540K, committed 84732K, reserved 1124352K
  class space    used 7593K, capacity 8844K, committed 8956K, reserved 1048576K
}

Deoptimization events (10 events):
Event: 20955.654 Thread 0x0000000024304800 Uncommon trap: reason=bimorphic action=maybe_recompile pc=0x00000000074cba08 method=org.eclipse.jdt.internal.compiler.lookup.ReferenceBinding.isSuperclassOf(Lorg/eclipse/jdt/internal/compiler/lookup/ReferenceBinding;)Z @ 5
Event: 20955.658 Thread 0x0000000024304800 Uncommon trap: reason=speculate_class_check action=maybe_recompile pc=0x0000000006b2a4f4 method=org.eclipse.jdt.internal.compiler.ast.SingleNameReference.manageSyntheticAccessIfNecessary(Lorg/eclipse/jdt/internal/compiler/lookup/BlockScope;Lorg/eclipse/jd
Event: 20955.659 Thread 0x0000000024304800 Uncommon trap: reason=speculate_class_check action=maybe_recompile pc=0x0000000006b2a4f4 method=org.eclipse.jdt.internal.compiler.ast.SingleNameReference.manageSyntheticAccessIfNecessary(Lorg/eclipse/jdt/internal/compiler/lookup/BlockScope;Lorg/eclipse/jd
Event: 20955.678 Thread 0x0000000024304800 Uncommon trap: reason=class_check action=maybe_recompile pc=0x00000000075dc640 method=org.eclipse.jdt.internal.compiler.codegen.CodeStream.generateReturnBytecode(Lorg/eclipse/jdt/internal/compiler/ast/Expression;)V @ 5
Event: 20955.682 Thread 0x0000000024304800 Uncommon trap: reason=class_check action=maybe_recompile pc=0x0000000004cc9140 method=org.eclipse.jdt.internal.compiler.lookup.MethodBinding.signature(Lorg/eclipse/jdt/internal/compiler/ClassFile;)[C @ 466
Event: 20955.770 Thread 0x0000000024306000 Uncommon trap: reason=bimorphic action=maybe_recompile pc=0x0000000006865878 method=org.eclipse.jdt.internal.compiler.lookup.FieldBinding.canBeSeenBy(Lorg/eclipse/jdt/internal/compiler/lookup/TypeBinding;Lorg/eclipse/jdt/internal/compiler/lookup/Invocatio
Event: 20955.770 Thread 0x0000000024306000 Uncommon trap: reason=bimorphic action=maybe_recompile pc=0x000000000589ceb4 method=org.eclipse.jdt.internal.compiler.ast.QualifiedNameReference.getOtherFieldBindings(Lorg/eclipse/jdt/internal/compiler/lookup/BlockScope;)Lorg/eclipse/jdt/internal/compiler
Event: 20955.788 Thread 0x0000000024306000 Uncommon trap: reason=bimorphic action=maybe_recompile pc=0x00000000074cba08 method=org.eclipse.jdt.internal.compiler.lookup.ReferenceBinding.isSuperclassOf(Lorg/eclipse/jdt/internal/compiler/lookup/ReferenceBinding;)Z @ 5
Event: 20955.801 Thread 0x0000000024306000 Uncommon trap: reason=class_check action=maybe_recompile pc=0x00000000075dc640 method=org.eclipse.jdt.internal.compiler.codegen.CodeStream.generateReturnBytecode(Lorg/eclipse/jdt/internal/compiler/ast/Expression;)V @ 5
Event: 20955.809 Thread 0x0000000024306000 Uncommon trap: reason=class_check action=maybe_recompile pc=0x0000000004cc9140 method=org.eclipse.jdt.internal.compiler.lookup.MethodBinding.signature(Lorg/eclipse/jdt/internal/compiler/ClassFile;)[C @ 466

Classes redefined (0 events):
No events

Internal exceptions (10 events):
Event: 20884.276 Thread 0x000000001e4ed000 Exception <a 'java/lang/NullPointerException'> (0x00000000d9e3c458) thrown at [C:\re\workspace\8-2-build-windows-amd64-cygwin\jdk8u181\11358\hotspot\src\share\vm\runtime\sharedRuntime.cpp, line 605]
Event: 20884.276 Thread 0x000000001e4ed000 Implicit null exception at 0x0000000005222681 to 0x0000000005225b78
Event: 20884.276 Thread 0x000000001e4ed000 Exception <a 'java/lang/NullPointerException'> (0x00000000d9e3c670) thrown at [C:\re\workspace\8-2-build-windows-amd64-cygwin\jdk8u181\11358\hotspot\src\share\vm\runtime\sharedRuntime.cpp, line 605]
Event: 20884.276 Thread 0x000000001e4ed000 Implicit null exception at 0x0000000005222681 to 0x0000000005225b78
Event: 20884.276 Thread 0x000000001e4ed000 Exception <a 'java/lang/NullPointerException'> (0x00000000d9e3c888) thrown at [C:\re\workspace\8-2-build-windows-amd64-cygwin\jdk8u181\11358\hotspot\src\share\vm\runtime\sharedRuntime.cpp, line 605]
Event: 20886.234 Thread 0x000000001e4eb800 Exception <a 'sun/nio/fs/WindowsException'> (0x00000000d9159190) thrown at [C:\re\workspace\8-2-build-windows-amd64-cygwin\jdk8u181\11358\hotspot\src\share\vm\prims\jni.cpp, line 709]
Event: 20886.234 Thread 0x000000001e4eb800 Exception <a 'sun/nio/fs/WindowsException'> (0x00000000d91ba498) thrown at [C:\re\workspace\8-2-build-windows-amd64-cygwin\jdk8u181\11358\hotspot\src\share\vm\prims\jni.cpp, line 709]
Event: 20886.234 Thread 0x000000001e4eb800 Exception <a 'sun/nio/fs/WindowsException'> (0x00000000d91baa70) thrown at [C:\re\workspace\8-2-build-windows-amd64-cygwin\jdk8u181\11358\hotspot\src\share\vm\prims\jni.cpp, line 709]
Event: 20888.622 Thread 0x000000001e4eb800 Exception <a 'java/io/FileNotFoundException'> (0x00000000d8c90728) thrown at [C:\re\workspace\8-2-build-windows-amd64-cygwin\jdk8u181\11358\hotspot\src\share\vm\prims\jni.cpp, line 709]
Event: 20888.623 Thread 0x000000001e4eb800 Exception <a 'java/lang/IncompatibleClassChangeError': Found class java.lang.Object, but interface was expected> (0x00000000d8ca6038) thrown at [C:\re\workspace\8-2-build-windows-amd64-cygwin\jdk8u181\11358\hotspot\src\share\vm\interpreter\linkResolver.cp

Events (10 events):
Event: 20956.612 Executing VM operation: RevokeBias done
Event: 20956.644 Thread 0x00000000242ff000 Thread exited: 0x00000000242ff000
Event: 20957.384 Executing VM operation: RevokeBias
Event: 20957.384 Executing VM operation: RevokeBias done
Event: 20957.639 Thread 0x0000000024306000 Thread added: 0x0000000024306000
Event: 20957.666 Thread 0x0000000024306000 DEOPT PACKING pc=0x00000000081e681a sp=0x0000000036a7e270
Event: 20957.666 Thread 0x0000000024306000 DEOPT UNPACKING pc=0x0000000003007890 sp=0x0000000036a7e020 mode 0
Event: 20957.674 Thread 0x0000000024306000 Thread exited: 0x0000000024306000
Event: 20957.677 Thread 0x0000000024306000 Thread added: 0x0000000024306000
Event: 20957.781 Thread 0x0000000024306000 Thread exited: 0x0000000024306000


Dynamic libraries:
0x00007ff6318f0000 - 0x00007ff631927000 	C:\Program Files\Java\jdk1.8.0_181\bin\java.exe
0x00007ffc71130000 - 0x00007ffc71311000 	C:\WINDOWS\SYSTEM32\ntdll.dll
0x00007ffc70fe0000 - 0x00007ffc71091000 	C:\WINDOWS\System32\KERNEL32.DLL
0x00007ffc6e130000 - 0x00007ffc6e3a3000 	C:\WINDOWS\System32\KERNELBASE.dll
0x00007ffc6e9a0000 - 0x00007ffc6ea41000 	C:\WINDOWS\System32\ADVAPI32.dll
0x00007ffc6e900000 - 0x00007ffc6e99e000 	C:\WINDOWS\System32\msvcrt.dll
0x00007ffc6ef60000 - 0x00007ffc6efbb000 	C:\WINDOWS\System32\sechost.dll
0x00007ffc6e650000 - 0x00007ffc6e774000 	C:\WINDOWS\System32\RPCRT4.dll
0x00007ffc70e40000 - 0x00007ffc70fd1000 	C:\WINDOWS\System32\USER32.dll
0x00007ffc6dc50000 - 0x00007ffc6dc70000 	C:\WINDOWS\System32\win32u.dll
0x00007ffc6ec60000 - 0x00007ffc6ec88000 	C:\WINDOWS\System32\GDI32.dll
0x00007ffc6dcc0000 - 0x00007ffc6de51000 	C:\WINDOWS\System32\gdi32full.dll
0x00007ffc6dee0000 - 0x00007ffc6df7f000 	C:\WINDOWS\System32\msvcp_win.dll
0x00007ffc6e030000 - 0x00007ffc6e128000 	C:\WINDOWS\System32\ucrtbase.dll
0x00007ffc61a00000 - 0x00007ffc61c69000 	C:\WINDOWS\WinSxS\amd64_microsoft.windows.common-controls_6595b64144ccf1df_6.0.17134.1184_none_d403e8b37c8ca406\COMCTL32.dll
0x00007ffc70990000 - 0x00007ffc70cb1000 	C:\WINDOWS\System32\combase.dll
0x00007ffc6de60000 - 0x00007ffc6ded9000 	C:\WINDOWS\System32\bcryptPrimitives.dll
0x00007ffc6ed60000 - 0x00007ffc6ed8d000 	C:\WINDOWS\System32\IMM32.DLL
0x0000000069210000 - 0x00000000692e2000 	C:\Program Files\Java\jdk1.8.0_181\jre\bin\msvcr100.dll
0x0000000068960000 - 0x0000000069202000 	C:\Program Files\Java\jdk1.8.0_181\jre\bin\server\jvm.dll
0x00007ffc6efc0000 - 0x00007ffc6efc8000 	C:\WINDOWS\System32\PSAPI.DLL
0x00007ffc5cff0000 - 0x00007ffc5cff9000 	C:\WINDOWS\SYSTEM32\WSOCK32.dll
0x00007ffc6ed90000 - 0x00007ffc6edfc000 	C:\WINDOWS\System32\WS2_32.dll
0x00007ffc6b740000 - 0x00007ffc6b763000 	C:\WINDOWS\SYSTEM32\WINMM.dll
0x00007ffc68b50000 - 0x00007ffc68b5a000 	C:\WINDOWS\SYSTEM32\VERSION.dll
0x00007ffc6b710000 - 0x00007ffc6b73a000 	C:\WINDOWS\SYSTEM32\WINMMBASE.dll
0x00007ffc6dc70000 - 0x00007ffc6dcb9000 	C:\WINDOWS\System32\cfgmgr32.dll
0x00000000688c0000 - 0x00000000688cf000 	C:\Program Files\Java\jdk1.8.0_181\jre\bin\verify.dll
0x0000000068890000 - 0x00000000688b9000 	C:\Program Files\Java\jdk1.8.0_181\jre\bin\java.dll
0x0000000067b20000 - 0x0000000067b43000 	C:\Program Files\Java\jdk1.8.0_181\jre\bin\instrument.dll
0x0000000068870000 - 0x0000000068886000 	C:\Program Files\Java\jdk1.8.0_181\jre\bin\zip.dll
0x00007ffc6f000000 - 0x00007ffc70445000 	C:\WINDOWS\System32\SHELL32.dll
0x00007ffc6e5a0000 - 0x00007ffc6e649000 	C:\WINDOWS\System32\shcore.dll
0x00007ffc6d4e0000 - 0x00007ffc6dbf0000 	C:\WINDOWS\System32\windows.storage.dll
0x00007ffc6ea60000 - 0x00007ffc6eab1000 	C:\WINDOWS\System32\shlwapi.dll
0x00007ffc6d4a0000 - 0x00007ffc6d4b1000 	C:\WINDOWS\System32\kernel.appcore.dll
0x00007ffc6d4c0000 - 0x00007ffc6d4df000 	C:\WINDOWS\System32\profapi.dll
0x00007ffc6d430000 - 0x00007ffc6d47c000 	C:\WINDOWS\System32\powrprof.dll
0x00007ffc6d420000 - 0x00007ffc6d42a000 	C:\WINDOWS\System32\FLTLIB.DLL
0x00007ffc6cdd0000 - 0x00007ffc6cde7000 	C:\WINDOWS\SYSTEM32\CRYPTSP.dll
0x00007ffc6c7d0000 - 0x00007ffc6c803000 	C:\WINDOWS\system32\rsaenh.dll
0x00007ffc6cf00000 - 0x00007ffc6cf25000 	C:\WINDOWS\SYSTEM32\bcrypt.dll
0x00007ffc6d320000 - 0x00007ffc6d348000 	C:\WINDOWS\SYSTEM32\USERENV.dll
0x00007ffc6cdf0000 - 0x00007ffc6cdfb000 	C:\WINDOWS\SYSTEM32\CRYPTBASE.dll
0x00000000680d0000 - 0x00000000680ea000 	C:\Program Files\Java\jdk1.8.0_181\jre\bin\net.dll
0x00007ffc6cc20000 - 0x00007ffc6cc86000 	C:\WINDOWS\system32\mswsock.dll
0x00007ffc6c970000 - 0x00007ffc6c9a8000 	C:\WINDOWS\SYSTEM32\IPHLPAPI.DLL
0x00007ffc6efd0000 - 0x00007ffc6efd8000 	C:\WINDOWS\System32\NSI.dll
0x00007ffc63600000 - 0x00007ffc63616000 	C:\WINDOWS\SYSTEM32\dhcpcsvc6.DLL
0x00007ffc62ef0000 - 0x00007ffc62f0a000 	C:\WINDOWS\SYSTEM32\dhcpcsvc.DLL
0x00000000680b0000 - 0x00000000680c1000 	C:\Program Files\Java\jdk1.8.0_181\jre\bin\nio.dll
0x00007ffc5ed90000 - 0x00007ffc5edb9000 	C:\Users\xiangbin\.vscode\extensions\redhat.java-0.55.1\server\config_win\org.eclipse.equinox.launcher\org.eclipse.equinox.launcher.win32.win32.x86_64_1.1.1100.v20190907-0426\eclipse_1902.dll
0x00007ffc667d0000 - 0x00007ffc667e1000 	C:\Users\xiangbin\.vscode\extensions\redhat.java-0.55.1\server\config_win\org.eclipse.osgi\20\0\.cp\jWinHttp-1.0.0.dll
0x00007ffc6ee00000 - 0x00007ffc6ef51000 	C:\WINDOWS\System32\ole32.dll
0x00007ffc67360000 - 0x00007ffc6743d000 	C:\WINDOWS\SYSTEM32\WINHTTP.dll
0x0000000068070000 - 0x0000000068094000 	C:\Program Files\Java\jdk1.8.0_181\jre\bin\sunec.dll
0x0000000067b10000 - 0x0000000067b1b000 	C:\Program Files\Java\jdk1.8.0_181\jre\bin\sunmscapi.dll
0x00007ffc6e3b0000 - 0x00007ffc6e592000 	C:\WINDOWS\System32\CRYPT32.dll
0x00007ffc6d480000 - 0x00007ffc6d492000 	C:\WINDOWS\System32\MSASN1.dll
0x00007ffc6c9b0000 - 0x00007ffc6ca6e000 	C:\WINDOWS\SYSTEM32\DNSAPI.dll
0x0000000068930000 - 0x0000000068956000 	C:\Program Files\Bonjour\mdnsNSP.dll
0x00007ffc5f310000 - 0x00007ffc5f31a000 	C:\Windows\System32\rasadhlp.dll
0x00007ffc62070000 - 0x00007ffc620e2000 	C:\WINDOWS\System32\fwpuclnt.dll

VM Arguments:
jvm_args: -Declipse.application=org.eclipse.jdt.ls.core.id1 -Dosgi.bundles.defaultStartLevel=4 -Declipse.product=org.eclipse.jdt.ls.core.product -Dfile.encoding=utf8 -DwatchParentProcess=false -Xverify:none -Xmx1G -XX:+UseG1GC -XX:+UseStringDeduplication -javaagent:C:\Users\xiangbin\.vscode\extensions\gabrielbb.vscode-lombok-0.9.9/server/lombok.jar 
java_command: c:\Users\xiangbin\.vscode\extensions\redhat.java-0.55.1\server\plugins\org.eclipse.equinox.launcher_1.5.600.v20191014-2022.jar -configuration c:\Users\xiangbin\.vscode\extensions\redhat.java-0.55.1\server\config_win -data c:\Users\xiangbin\AppData\Roaming\Code\User\workspaceStorage\8e7de90a3d0487e058b35b2d4bdad481\redhat.java\jdt_ws
java_class_path (initial): c:\Users\xiangbin\.vscode\extensions\redhat.java-0.55.1\server\plugins\org.eclipse.equinox.launcher_1.5.600.v20191014-2022.jar;C:\Users\xiangbin\.vscode\extensions\gabrielbb.vscode-lombok-0.9.9/server/lombok.jar
Launcher Type: SUN_STANDARD

Environment Variables:
JAVA_HOME=C:\Program Files\Java\jdk1.8.0_181
CLASSPATH=.;C:\Program Files\Java\jdk1.8.0_181\lib\dt.jar;C:\Program Files\Java\jdk1.8.0_181\lib\tools.jar;C:\.FTPC\MES-AUTO-TEST\ProductionCentre\client\PlantOpsJavaProxies-JBoss.jar;C:\.FTPC\MES-AUTO-TEST\ProductionCentre\client\Client.jar;C:\ftpc_install\apache-tomcat-8.5.20\lib\servlet-api.jar
PATH=C:\app\zxb\product\12.1.0\dbhome_1\bin;C:\app\xiangbin\OraHome_1\bin;C:\app\dba\product\12.1.0\client_1\bin;C:\Program Files (x86)\Common Files\Oracle\Java\javapath;C:\WINDOWS\system32;C:\WINDOWS;C:\WINDOWS\System32\Wbem;C:\WINDOWS\System32\WindowsPowerShell\v1.0\;C:\WINDOWS\System32\OpenSSH\;C:\ftpc_install\apache-tomcat-8.5.20\lib;C:\ftpc_install\apache-tomcat-8.5.20\lib\servlet-api.jar;C:\ftpc_install\apache-tomcat-8.5.20\lib\jsp-api.jar;C:\ftpc_install\jboss-eap-7.1\bin;C:\app\zxb\product\12.1.0\client_1\bin;C:\Users\xiangbin\AppData\Local\Programs\Python\Python37-32;c:\users\xiangbin\appdata\local\programs\python\python37-32\lib\site-packages (7.2.0);C:\Program Files\Java\jdk1.8.0_181\bin;C:\Program Files\Java\jdk1.8.0_181\jre\bin;C:\Users\xiangbin\Downloads\apache-maven-3.6.2-bin\apache-maven-3.6.2\bin;C:\Program Files\Git\cmd;C:\Users\xiangbin\Downloads\mysql-8.0.18-winx64\mysql-8.0.18-winx64\bin;C:\Users\xiangbin\AppData\Local\Programs\Python\Python37\Scripts\;C:\Users\xiangbin\AppData\Local\Programs\Python\Python37\;C:\Users\xiangbin\AppData\Local\Microsoft\WindowsApps;;C:\Users\xiangbin\AppData\Local\Programs\Microsoft VS Code\bin
USERNAME=xiangbin
OS=Windows_NT
PROCESSOR_IDENTIFIER=Intel64 Family 6 Model 42 Stepping 7, GenuineIntel



---------------  S Y S T E M  ---------------

OS: Windows 10.0 , 64 bit Build 17134 (10.0.17134.753)

CPU:total 2 (initial active 2) (2 cores per cpu, 1 threads per core) family 6 model 42 stepping 7, cmov, cx8, fxsr, mmx, sse, sse2, sse3, ssse3, sse4.1, sse4.2, popcnt, avx, aes, clmul, tsc, tscinvbit

Memory: 4k page, physical 6437748k(674936k free), swap 14157664k(8472k free)

vm_info: Java HotSpot(TM) 64-Bit Server VM (25.181-b13) for windows-amd64 JRE (1.8.0_181-b13), built on Jul  7 2018 04:01:33 by "java_re" with MS VC++ 10.0 (VS2010)

time: Tue Jan 07 16:15:37 2020
elapsed time: 20957 seconds (0d 5h 49m 17s)

